<?xml version="1.0" encoding="UTF-8"?>
<testsuite xmlns:xsi="http://www.w3.org/2001/XMLSchema-instance" xsi:noNamespaceSchemaLocation="https://maven.apache.org/surefire/maven-failsafe-plugin/xsd/failsafe-test-report-3.0.xsd" version="3.0" name="starter.CucumberTestSuite" time="47.254" tests="1" errors="0" skipped="0" failures="0">
  <properties>
[...]
</properties>
  <testcase name="User can add product to cart" classname="As a user i have be able to success login so that i can see products page #1" time="32.624">
    <system-out><![CDATA[20:19:51.197 [main] DEBUG net.thucydides.core.guice.Injectors - Created injector for module net.thucydides.core.guice.ThucydidesModule
20:19:52.214 [main] DEBUG io.cucumber.core.plugin.SerenityReporter - Running feature from file:///C:/Users/zulfa/IdeaProjects/Web%20Testing%20-%20MP/src/test/resources/feature/AddToCart.feature
20:19:52.215 [main] WARN io.cucumber.core.plugin.SerenityReporter - Feature from file:///C:/Users/zulfa/IdeaProjects/Web%20Testing%20-%20MP/src/test/resources/feature/AddToCart.feature is not under the 'features' directory. Requirements report will not be correctly generated!
20:19:52.828 [main] DEBUG net.thucydides.core.guice.Injectors - Created injector for module net.thucydides.core.guice.webdriver.WebDriverModule
20:19:52.892 [main] INFO  - 

-------------------------------------------------------------------------------------
     _______. _______ .______       _______ .__   __.  __  .___________.____    ____ 
    /       ||   ____||   _  \     |   ____||  \ |  | |  | |           |\   \  /   / 
   |   (----`|  |__   |  |_)  |    |  |__   |   \|  | |  | `---|  |----` \   \/   /  
    \   \    |   __|  |      /     |   __|  |  . `  | |  |     |  |       \_    _/   
.----)   |   |  |____ |  |\  \----.|  |____ |  |\   | |  |     |  |         |  |     
|_______/    |_______|| _| `._____||_______||__| \__| |__|     |__|         |__|    
                                                                                     
 News and tutorials at http://www.serenity-bdd.info                                  
 Documentation at https://wakaleo.gitbooks.io/the-serenity-book/content/             
 Join the Serenity Community on Gitter: https://gitter.im/serenity-bdd/serenity-core 
 Serenity BDD Support and Training at http://serenity-bdd.info/#/trainingandsupport  
-------------------------------------------------------------------------------------

20:19:52.899 [main] DEBUG net.thucydides.core.steps.StepEventBus - Test suite started for story net.thucydides.core.model.Story@781f439f
20:19:52.902 [main] INFO  - Test Suite Started: As a user i have be able to success login so that i can see products page
20:19:52.938 [main] DEBUG io.cucumber.core.plugin.SerenityReporter - Running feature from file:///C:/Users/zulfa/IdeaProjects/Web%20Testing%20-%20MP/src/test/resources/feature/Checkout.feature
20:19:52.938 [main] WARN io.cucumber.core.plugin.SerenityReporter - Feature from file:///C:/Users/zulfa/IdeaProjects/Web%20Testing%20-%20MP/src/test/resources/feature/Checkout.feature is not under the 'features' directory. Requirements report will not be correctly generated!
20:19:52.945 [main] DEBUG net.thucydides.core.steps.StepEventBus - Test suite started for story net.thucydides.core.model.Story@4242add
20:19:52.947 [main] INFO  - Test Suite Started: As a user I want to checkout products so i can see list product on checkout page
20:19:52.947 [main] DEBUG io.cucumber.core.plugin.SerenityReporter - Running feature from file:///C:/Users/zulfa/IdeaProjects/Web%20Testing%20-%20MP/src/test/resources/feature/Login.feature
20:19:52.947 [main] WARN io.cucumber.core.plugin.SerenityReporter - Feature from file:///C:/Users/zulfa/IdeaProjects/Web%20Testing%20-%20MP/src/test/resources/feature/Login.feature is not under the 'features' directory. Requirements report will not be correctly generated!
20:19:52.958 [main] DEBUG net.thucydides.core.steps.StepEventBus - Test suite started for story net.thucydides.core.model.Story@3bae2ecc
20:19:52.959 [main] INFO  - Test Suite Started: As a user i have be able to success login so that i can see products page
20:19:52.959 [main] DEBUG io.cucumber.core.plugin.SerenityReporter - Running feature from file:///C:/Users/zulfa/IdeaProjects/Web%20Testing%20-%20MP/src/test/resources/feature/register.feature
20:19:52.959 [main] WARN io.cucumber.core.plugin.SerenityReporter - Feature from file:///C:/Users/zulfa/IdeaProjects/Web%20Testing%20-%20MP/src/test/resources/feature/register.feature is not under the 'features' directory. Requirements report will not be correctly generated!
20:19:52.981 [main] DEBUG net.thucydides.core.steps.StepEventBus - Test suite started for story net.thucydides.core.model.Story@b7a166a3
20:19:52.984 [main] INFO  - Test Suite Started: As a user i have be able to success register so that i can login
20:19:52.986 [main] DEBUG io.cucumber.core.plugin.SerenityReporter - Running feature from file:///C:/Users/zulfa/IdeaProjects/Web%20Testing%20-%20MP/src/test/resources/feature/AddToCart.feature
20:19:52.986 [main] WARN io.cucumber.core.plugin.SerenityReporter - Feature from file:///C:/Users/zulfa/IdeaProjects/Web%20Testing%20-%20MP/src/test/resources/feature/AddToCart.feature is not under the 'features' directory. Requirements report will not be correctly generated!
20:19:52.992 [main] DEBUG net.thucydides.core.steps.StepEventBus - Test suite started for story net.thucydides.core.model.Story@781f439f
20:19:52.993 [main] INFO  - Test Suite Started: As a user i have be able to success login so that i can see products page

@AddToCart
Scenario: User can add product to cart             &amp#27;[90m# src/test/resources/feature/AddToCart.feature:4&amp#27;[0m
20:19:53.299 [main] DEBUG io.cucumber.core.plugin.SerenityReporter - Running feature from file:///C:/Users/zulfa/IdeaProjects/Web%20Testing%20-%20MP/src/test/resources/feature/AddToCart.feature
20:19:53.302 [main] WARN io.cucumber.core.plugin.SerenityReporter - Feature from file:///C:/Users/zulfa/IdeaProjects/Web%20Testing%20-%20MP/src/test/resources/feature/AddToCart.feature is not under the 'features' directory. Requirements report will not be correctly generated!
20:19:53.665 [main] INFO  - 
  _____   ___   ___   _____     ___   _____     _     ___   _____   ___   ___  
 |_   _| | __| / __| |_   _|   / __| |_   _|   /_\   | _ \ |_   _| | __| |   \ 
   | |   | _|  \__ \   | |     \__ \   | |    / _ \  |   /   | |   | _|  | |) |
   |_|   |___| |___/   |_|     |___/   |_|   /_/ \_\ |_|_\   |_|   |___| |___/ 

User can add product to cart(as-a-user-i-have-be-able-to-success-login-so-that-i-can-see-products-page;user-can-add-product-to-cart)
--------------------------------------------------------------------------------
20:19:59.192 [main] DEBUG net.thucydides.core.steps.StepInterceptor - STARTING STEP: UserSteps.userOnHomePage - OnAltaShopPage
20:19:59.302 [main] INFO net.serenitybdd.core.webdriver.driverproviders.DriverProvider - Using WebDriverManager configuration for chrome
20:20:00.918 [main] DEBUG io.github.bonigarcia.wdm.cache.ResolutionCache - Removing resolution chrome=113 from cache (expired on Fri May 12 19:13:22 ICT 2023)
20:20:00.980 [main] DEBUG org.apache.hc.client5.http.impl.classic.InternalHttpClient - ex-0000000001 preparing request execution
20:20:01.010 [main] DEBUG org.apache.hc.client5.http.protocol.RequestAddCookies - ex-0000000001 Cookie spec selected: strict
20:20:01.026 [main] DEBUG org.apache.hc.client5.http.protocol.RequestAuthCache - ex-0000000001 Auth cache not set in the context
20:20:01.026 [main] DEBUG org.apache.hc.client5.http.impl.classic.ProtocolExec - ex-0000000001 target auth state: UNCHALLENGED
20:20:01.028 [main] DEBUG org.apache.hc.client5.http.impl.classic.ProtocolExec - ex-0000000001 proxy auth state: UNCHALLENGED
20:20:01.028 [main] DEBUG org.apache.hc.client5.http.impl.classic.ConnectExec - ex-0000000001 acquiring connection with route {s}->https://raw.githubusercontent.com:443
20:20:01.028 [main] DEBUG org.apache.hc.client5.http.impl.classic.InternalHttpClient - ex-0000000001 acquiring endpoint (3 MINUTES)
20:20:01.033 [main] DEBUG org.apache.hc.client5.http.impl.io.PoolingHttpClientConnectionManager - ex-0000000001 endpoint lease request (3 MINUTES) [route: {s}->https://raw.githubusercontent.com:443][total available: 0; route allocated: 0 of 5; total allocated: 0 of 25]
20:20:01.046 [main] DEBUG org.apache.hc.client5.http.impl.io.PoolingHttpClientConnectionManager - ex-0000000001 endpoint leased [route: {s}->https://raw.githubusercontent.com:443][total available: 0; route allocated: 1 of 5; total allocated: 1 of 25]
20:20:01.087 [main] DEBUG org.apache.hc.client5.http.impl.io.PoolingHttpClientConnectionManager - ex-0000000001 acquired ep-0000000000
20:20:01.087 [main] DEBUG org.apache.hc.client5.http.impl.classic.InternalHttpClient - ex-0000000001 acquired endpoint ep-0000000000
20:20:01.087 [main] DEBUG org.apache.hc.client5.http.impl.classic.ConnectExec - ex-0000000001 opening connection {s}->https://raw.githubusercontent.com:443
20:20:01.089 [main] DEBUG org.apache.hc.client5.http.impl.classic.InternalHttpClient - ep-0000000000 connecting endpoint (30 SECONDS)
20:20:01.089 [main] DEBUG org.apache.hc.client5.http.impl.io.PoolingHttpClientConnectionManager - ep-0000000000 connecting endpoint to https://raw.githubusercontent.com:443 (30 SECONDS)
20:20:01.142 [main] DEBUG org.apache.hc.client5.http.impl.io.DefaultHttpClientConnectionOperator - http-outgoing-0 connecting to raw.githubusercontent.com/185.199.109.133:443
20:20:01.142 [main] DEBUG org.apache.hc.client5.http.ssl.SSLConnectionSocketFactory - Connecting socket to raw.githubusercontent.com/185.199.109.133:443 with timeout 30 SECONDS
20:20:01.452 [main] DEBUG org.apache.hc.client5.http.ssl.SSLConnectionSocketFactory - Enabled protocols: [TLSv1.2]
20:20:01.452 [main] DEBUG org.apache.hc.client5.http.ssl.SSLConnectionSocketFactory - Enabled cipher suites: [TLS_ECDHE_ECDSA_WITH_AES_256_CBC_SHA384, TLS_ECDHE_RSA_WITH_AES_256_CBC_SHA384, TLS_RSA_WITH_AES_256_CBC_SHA256, TLS_ECDH_ECDSA_WITH_AES_256_CBC_SHA384, TLS_ECDH_RSA_WITH_AES_256_CBC_SHA384, TLS_DHE_RSA_WITH_AES_256_CBC_SHA256, TLS_DHE_DSS_WITH_AES_256_CBC_SHA256, TLS_ECDHE_ECDSA_WITH_AES_256_CBC_SHA, TLS_ECDHE_RSA_WITH_AES_256_CBC_SHA, TLS_RSA_WITH_AES_256_CBC_SHA, TLS_ECDH_ECDSA_WITH_AES_256_CBC_SHA, TLS_ECDH_RSA_WITH_AES_256_CBC_SHA, TLS_DHE_RSA_WITH_AES_256_CBC_SHA, TLS_DHE_DSS_WITH_AES_256_CBC_SHA, TLS_ECDHE_ECDSA_WITH_AES_128_CBC_SHA256, TLS_ECDHE_RSA_WITH_AES_128_CBC_SHA256, TLS_RSA_WITH_AES_128_CBC_SHA256, TLS_ECDH_ECDSA_WITH_AES_128_CBC_SHA256, TLS_ECDH_RSA_WITH_AES_128_CBC_SHA256, TLS_DHE_RSA_WITH_AES_128_CBC_SHA256, TLS_DHE_DSS_WITH_AES_128_CBC_SHA256, TLS_ECDHE_ECDSA_WITH_AES_128_CBC_SHA, TLS_ECDHE_RSA_WITH_AES_128_CBC_SHA, TLS_RSA_WITH_AES_128_CBC_SHA, TLS_ECDH_ECDSA_WITH_AES_128_CBC_SHA, TLS_ECDH_RSA_WITH_AES_128_CBC_SHA, TLS_DHE_RSA_WITH_AES_128_CBC_SHA, TLS_DHE_DSS_WITH_AES_128_CBC_SHA, TLS_ECDHE_ECDSA_WITH_AES_256_GCM_SHA384, TLS_ECDHE_ECDSA_WITH_AES_128_GCM_SHA256, TLS_ECDHE_RSA_WITH_AES_256_GCM_SHA384, TLS_RSA_WITH_AES_256_GCM_SHA384, TLS_ECDH_ECDSA_WITH_AES_256_GCM_SHA384, TLS_ECDH_RSA_WITH_AES_256_GCM_SHA384, TLS_DHE_RSA_WITH_AES_256_GCM_SHA384, TLS_DHE_DSS_WITH_AES_256_GCM_SHA384, TLS_ECDHE_RSA_WITH_AES_128_GCM_SHA256, TLS_RSA_WITH_AES_128_GCM_SHA256, TLS_ECDH_ECDSA_WITH_AES_128_GCM_SHA256, TLS_ECDH_RSA_WITH_AES_128_GCM_SHA256, TLS_DHE_RSA_WITH_AES_128_GCM_SHA256, TLS_DHE_DSS_WITH_AES_128_GCM_SHA256]
20:20:01.453 [main] DEBUG org.apache.hc.client5.http.ssl.SSLConnectionSocketFactory - Starting handshake
20:20:01.918 [main] DEBUG org.apache.hc.client5.http.ssl.SSLConnectionSocketFactory - Secure session established
20:20:01.918 [main] DEBUG org.apache.hc.client5.http.ssl.SSLConnectionSocketFactory -  negotiated protocol: TLSv1.2
20:20:01.918 [main] DEBUG org.apache.hc.client5.http.ssl.SSLConnectionSocketFactory -  negotiated cipher suite: TLS_ECDHE_RSA_WITH_AES_128_GCM_SHA256
20:20:01.918 [main] DEBUG org.apache.hc.client5.http.ssl.SSLConnectionSocketFactory -  peer principal: CN=*.github.io, O="GitHub, Inc.", L=San Francisco, ST=California, C=US
20:20:01.919 [main] DEBUG org.apache.hc.client5.http.ssl.SSLConnectionSocketFactory -  peer alternative names: [*.github.io, github.io, *.github.com, github.com, www.github.com, *.githubusercontent.com, githubusercontent.com]
20:20:01.919 [main] DEBUG org.apache.hc.client5.http.ssl.SSLConnectionSocketFactory -  issuer principal: CN=DigiCert TLS RSA SHA256 2020 CA1, O=DigiCert Inc, C=US
20:20:01.922 [main] DEBUG org.apache.hc.client5.http.impl.io.DefaultHttpClientConnectionOperator - http-outgoing-0 connection established 192.168.80.104:54412<->185.199.109.133:443
20:20:01.923 [main] DEBUG org.apache.hc.client5.http.impl.io.PoolingHttpClientConnectionManager - ep-0000000000 connected http-outgoing-0
20:20:01.923 [main] DEBUG org.apache.hc.client5.http.impl.classic.InternalHttpClient - ep-0000000000 endpoint connected
20:20:01.924 [main] DEBUG org.apache.hc.client5.http.impl.classic.MainClientExec - ex-0000000001 executing GET /bonigarcia/webdrivermanager/master/src/main/resources/commands.properties HTTP/1.1
20:20:01.925 [main] DEBUG org.apache.hc.client5.http.impl.classic.InternalHttpClient - ep-0000000000 start execution ex-0000000001
20:20:01.925 [main] DEBUG org.apache.hc.client5.http.impl.io.PoolingHttpClientConnectionManager - ep-0000000000 executing exchange ex-0000000001 over http-outgoing-0
20:20:01.926 [main] DEBUG org.apache.hc.client5.http.headers - http-outgoing-0 >> GET /bonigarcia/webdrivermanager/master/src/main/resources/commands.properties HTTP/1.1
20:20:01.926 [main] DEBUG org.apache.hc.client5.http.headers - http-outgoing-0 >> user-agent: Apache-HttpClient/5.0
20:20:01.926 [main] DEBUG org.apache.hc.client5.http.headers - http-outgoing-0 >> accept-encoding: gzip, deflate, br
20:20:01.927 [main] DEBUG org.apache.hc.client5.http.headers - http-outgoing-0 >> cache-control: max-age=0
20:20:01.927 [main] DEBUG org.apache.hc.client5.http.headers - http-outgoing-0 >> connection: keep-alive
20:20:01.927 [main] DEBUG org.apache.hc.client5.http.headers - http-outgoing-0 >> Host: raw.githubusercontent.com
20:20:01.927 [main] DEBUG org.apache.hc.client5.http.wire - http-outgoing-0 >> "GET /bonigarcia/webdrivermanager/master/src/main/resources/commands.properties HTTP/1.1[\r][\n]"
20:20:01.927 [main] DEBUG org.apache.hc.client5.http.wire - http-outgoing-0 >> "user-agent: Apache-HttpClient/5.0[\r][\n]"
20:20:01.927 [main] DEBUG org.apache.hc.client5.http.wire - http-outgoing-0 >> "accept-encoding: gzip, deflate, br[\r][\n]"
20:20:01.927 [main] DEBUG org.apache.hc.client5.http.wire - http-outgoing-0 >> "cache-control: max-age=0[\r][\n]"
20:20:01.927 [main] DEBUG org.apache.hc.client5.http.wire - http-outgoing-0 >> "connection: keep-alive[\r][\n]"
20:20:01.928 [main] DEBUG org.apache.hc.client5.http.wire - http-outgoing-0 >> "Host: raw.githubusercontent.com[\r][\n]"
20:20:01.928 [main] DEBUG org.apache.hc.client5.http.wire - http-outgoing-0 >> "[\r][\n]"
20:20:02.115 [main] DEBUG org.apache.hc.client5.http.wire - http-outgoing-0 << "HTTP/1.1 200 OK[\r][\n]"
20:20:02.115 [main] DEBUG org.apache.hc.client5.http.wire - http-outgoing-0 << "Connection: keep-alive[\r][\n]"
20:20:02.115 [main] DEBUG org.apache.hc.client5.http.wire - http-outgoing-0 << "Content-Length: 723[\r][\n]"
20:20:02.115 [main] DEBUG org.apache.hc.client5.http.wire - http-outgoing-0 << "Cache-Control: max-age=300[\r][\n]"
20:20:02.115 [main] DEBUG org.apache.hc.client5.http.wire - http-outgoing-0 << "Content-Security-Policy: default-src 'none'; style-src 'unsafe-inline'; sandbox[\r][\n]"
20:20:02.115 [main] DEBUG org.apache.hc.client5.http.wire - http-outgoing-0 << "Content-Type: text/plain; charset=utf-8[\r][\n]"
20:20:02.116 [main] DEBUG org.apache.hc.client5.http.wire - http-outgoing-0 << "ETag: W/"e82b438271e9e8680c688b0b680efd0bdd22faa6d6f0a32fc1fd8accc486b67e"[\r][\n]"
20:20:02.116 [main] DEBUG org.apache.hc.client5.http.wire - http-outgoing-0 << "Strict-Transport-Security: max-age=31536000[\r][\n]"
20:20:02.116 [main] DEBUG org.apache.hc.client5.http.wire - http-outgoing-0 << "X-Content-Type-Options: nosniff[\r][\n]"
20:20:02.116 [main] DEBUG org.apache.hc.client5.http.wire - http-outgoing-0 << "X-Frame-Options: deny[\r][\n]"
20:20:02.116 [main] DEBUG org.apache.hc.client5.http.wire - http-outgoing-0 << "X-XSS-Protection: 1; mode=block[\r][\n]"
20:20:02.116 [main] DEBUG org.apache.hc.client5.http.wire - http-outgoing-0 << "X-GitHub-Request-Id: 1A8C:0FB5:4ABA4F:56A3F4:643DBC51[\r][\n]"
20:20:02.116 [main] DEBUG org.apache.hc.client5.http.wire - http-outgoing-0 << "Content-Encoding: gzip[\r][\n]"
20:20:02.116 [main] DEBUG org.apache.hc.client5.http.wire - http-outgoing-0 << "Accept-Ranges: bytes[\r][\n]"
20:20:02.116 [main] DEBUG org.apache.hc.client5.http.wire - http-outgoing-0 << "Date: Fri, 12 May 2023 13:20:03 GMT[\r][\n]"
20:20:02.116 [main] DEBUG org.apache.hc.client5.http.wire - http-outgoing-0 << "Via: 1.1 varnish[\r][\n]"
20:20:02.117 [main] DEBUG org.apache.hc.client5.http.wire - http-outgoing-0 << "X-Served-By: cache-nrt-rjtf7700044-NRT[\r][\n]"
20:20:02.117 [main] DEBUG org.apache.hc.client5.http.wire - http-outgoing-0 << "X-Cache: HIT[\r][\n]"
20:20:02.117 [main] DEBUG org.apache.hc.client5.http.wire - http-outgoing-0 << "X-Cache-Hits: 1[\r][\n]"
20:20:02.117 [main] DEBUG org.apache.hc.client5.http.wire - http-outgoing-0 << "X-Timer: S1683897603.131768,VS0,VE1[\r][\n]"
20:20:02.117 [main] DEBUG org.apache.hc.client5.http.wire - http-outgoing-0 << "Vary: Authorization,Accept-Encoding,Origin[\r][\n]"
20:20:02.117 [main] DEBUG org.apache.hc.client5.http.wire - http-outgoing-0 << "Access-Control-Allow-Origin: *[\r][\n]"
20:20:02.117 [main] DEBUG org.apache.hc.client5.http.wire - http-outgoing-0 << "X-Fastly-Request-ID: b22e7a62be4c805a26401bd11abb5f81d822dc30[\r][\n]"
20:20:02.117 [main] DEBUG org.apache.hc.client5.http.wire - http-outgoing-0 << "Expires: Fri, 12 May 2023 13:25:03 GMT[\r][\n]"
20:20:02.117 [main] DEBUG org.apache.hc.client5.http.wire - http-outgoing-0 << "Source-Age: 130[\r][\n]"
20:20:02.117 [main] DEBUG org.apache.hc.client5.http.wire - http-outgoing-0 << "[\r][\n]"
20:20:02.123 [main] DEBUG org.apache.hc.client5.http.headers - http-outgoing-0 << HTTP/1.1 200 OK
20:20:02.123 [main] DEBUG org.apache.hc.client5.http.headers - http-outgoing-0 << Connection: keep-alive
20:20:02.124 [main] DEBUG org.apache.hc.client5.http.headers - http-outgoing-0 << Content-Length: 723
20:20:02.124 [main] DEBUG org.apache.hc.client5.http.headers - http-outgoing-0 << Cache-Control: max-age=300
20:20:02.124 [main] DEBUG org.apache.hc.client5.http.headers - http-outgoing-0 << Content-Security-Policy: default-src 'none'; style-src 'unsafe-inline'; sandbox
20:20:02.124 [main] DEBUG org.apache.hc.client5.http.headers - http-outgoing-0 << Content-Type: text/plain; charset=utf-8
20:20:02.124 [main] DEBUG org.apache.hc.client5.http.headers - http-outgoing-0 << ETag: W/"e82b438271e9e8680c688b0b680efd0bdd22faa6d6f0a32fc1fd8accc486b67e"
20:20:02.124 [main] DEBUG org.apache.hc.client5.http.headers - http-outgoing-0 << Strict-Transport-Security: max-age=31536000
20:20:02.124 [main] DEBUG org.apache.hc.client5.http.headers - http-outgoing-0 << X-Content-Type-Options: nosniff
20:20:02.124 [main] DEBUG org.apache.hc.client5.http.headers - http-outgoing-0 << X-Frame-Options: deny
20:20:02.125 [main] DEBUG org.apache.hc.client5.http.headers - http-outgoing-0 << X-XSS-Protection: 1; mode=block
20:20:02.125 [main] DEBUG org.apache.hc.client5.http.headers - http-outgoing-0 << X-GitHub-Request-Id: 1A8C:0FB5:4ABA4F:56A3F4:643DBC51
20:20:02.125 [main] DEBUG org.apache.hc.client5.http.headers - http-outgoing-0 << Content-Encoding: gzip
20:20:02.125 [main] DEBUG org.apache.hc.client5.http.headers - http-outgoing-0 << Accept-Ranges: bytes
20:20:02.125 [main] DEBUG org.apache.hc.client5.http.headers - http-outgoing-0 << Date: Fri, 12 May 2023 13:20:03 GMT
20:20:02.125 [main] DEBUG org.apache.hc.client5.http.headers - http-outgoing-0 << Via: 1.1 varnish
20:20:02.125 [main] DEBUG org.apache.hc.client5.http.headers - http-outgoing-0 << X-Served-By: cache-nrt-rjtf7700044-NRT
20:20:02.125 [main] DEBUG org.apache.hc.client5.http.headers - http-outgoing-0 << X-Cache: HIT
20:20:02.125 [main] DEBUG org.apache.hc.client5.http.headers - http-outgoing-0 << X-Cache-Hits: 1
20:20:02.125 [main] DEBUG org.apache.hc.client5.http.headers - http-outgoing-0 << X-Timer: S1683897603.131768,VS0,VE1
20:20:02.125 [main] DEBUG org.apache.hc.client5.http.headers - http-outgoing-0 << Vary: Authorization,Accept-Encoding,Origin
20:20:02.126 [main] DEBUG org.apache.hc.client5.http.headers - http-outgoing-0 << Access-Control-Allow-Origin: *
20:20:02.126 [main] DEBUG org.apache.hc.client5.http.headers - http-outgoing-0 << X-Fastly-Request-ID: b22e7a62be4c805a26401bd11abb5f81d822dc30
20:20:02.126 [main] DEBUG org.apache.hc.client5.http.headers - http-outgoing-0 << Expires: Fri, 12 May 2023 13:25:03 GMT
20:20:02.126 [main] DEBUG org.apache.hc.client5.http.headers - http-outgoing-0 << Source-Age: 130
20:20:02.139 [main] DEBUG org.apache.hc.client5.http.impl.classic.MainClientExec - ex-0000000001 connection can be kept alive for 3 MINUTES
20:20:02.168 [main] DEBUG org.apache.hc.client5.http.wire - http-outgoing-0 << "[0x1f][0xffffff8b][0x8][0x0][0x0][0x0][0x0][0x0][0x0][0x3][0xffffffb5]V]o[0xffffffda]0[0x14]}[0xffffffe7]W\[0xffffff81]*[0xffffffb5][0x12][0x1f][[M[0xffffffd3]$[0x1e]hF[0xffffffbb]i [0x18][0xffffffb4][0xffffffdd]&[0xfffffff9][0xffffffc5]$7[0xffffffc1]R[0x12]#;[0xffffff94]v[0xffffffbf]~[0xffffffb6][0xfffffff3]1[0xffffff92][0xffffff9a][0xffffffc1][0x1a]x[0xffffffcb][0xffffffb5][0xffffffaf][0xffffffcf]9[0xffffffbe][0xfffffff7]8v[0xb][0x1c][0x1e]E4[0xfffffff6]$x4[0xffffffa1][0xb]*[0xffffffb1][0xffffffd1][0xffffff82][0xfffffffb]%[0xffffff93][0xffffffe0][0xffffffb3][0x10][0xffffffc1][0xffffffe5]qBY,!Y[0xffffffea] KM8,[0x10][0xfffffff0][0x19][0xffffffdd]u[0xffffff82][0x1e][0xffffffb0][0xffffffd8]L[0xffffffcb]%[0xffffff86][0xffffffa1][0xe][0xffffffb8][0xfffffff0]P[0xffffffe8]$[0xf][0x13]t[0x13]3[0xfffffff9][0xffffff84]B2[0xffffffae][0xffffffe6]|@[0xfffffff5][0x1d][0x8][0xffffffc4][0x18][0x16][0xffffff82]o[0xffffffa4][0xffffff9a]P[0xffffff94][0xffffffe7][0xffffffce]R[0xfffffff0][0x8][0xffffffdb]p[0xffffffcb][0x4][0xfffffffa][0xfffffffc][0xffffffb9][\r][0xffffff93][0x15][\n]"
20:20:02.169 [main] DEBUG org.apache.hc.client5.http.wire - http-outgoing-0 << "[0xffffffda][0xffffff86][0xffffffa1][0x17][0xffffffa8]Q3[0xffffffcb][0xffffffd6][0xffffffd1][0xffffff85][0xffffffc6][0xfffffff7][0xffffff98][0xffffffef][0xffffffa3][0xffffffc0]8[0x1][0xffffffae]s[0x12][0x16][0x7] _d[0xffffff82][0xffffff91][0xffffff84][0xfffffff3][0x1f],[0xfffffff6][0x14]j[0x1b]F,^+[0xffffff98]1ua2[0xffffffbf]h([0xffffff8e][0xffffff94][0xffffffa2][0xffffff91]m[0xffffffa3][0xffffffeb][0xffffff9a][0xffffffb0][0xffffffbb]I[0x17]t[0xffffffdf][0xffffffbd][0xffffffef][0xffffffbb][0xffffff91][0xffffffd7]U[0xffffffbb][0xffffff82][0xffffff9e][0x3][0xffffff9b][0xffffff88][0xffffffb9][0xffffffa6]$[0xffffffa6][0xc][0xffffff9b][0xffffffa5][0xffffffe2][0xffffff83][0xffffff98]F[0xffffffd8]o[0xffffff9e]Mg[0xffffff93][0xffffffbb][0xffffffd9]`|[0xfffffffb]u4[0xffffff9c][0x7f]"}B[0xffffffce][0x8][0xffffffb9][0xffffffe3]<[0x8][0xffffff91][0xffffff90][0xffffff94][0xffffff82][0xffffff90][0xffffffc1]j[0x15]2WI[0xffffffe3]1![0x19][0xffffff91]BnB[0xffffff80][0x9]<f[0xffffffb5][0xffffffe8]=[0xffffffd1]p[0xffffffbd][[0xffffffcf][0xffffffe5][0x1b][0xfffffff4][0xffffff9c][0xffffffff][0xfffffffc][0xfffffff8][0xffffffe1][0xffffffe2][0xffffff94][0xffffffa2][0xffffffae][0xe][0x14]5[0xffffff9a]8[0xffffff83][0xffffffd1]`:[0xfffffffd]<[0xffffffb8][0x1f][0xffffff9c]R[0xffffffcf]u[0x7f]6[0xffffffbc][0xffffff83][0xffffffef][0xf][0xffffffc3][0xffffffd9]/[0xfffffff8][0xfffffff2][0xffffffcd]y s[0xffffffee]'[0x1b]*0g[0xffffffcb][0xffffffc8]nF7H][0xffffff83][0xffffff97]{[0xffffffb1]Q[0x5][\r][0xffffffb5]c[0xffffffb4][0xf][0x2][0xffffffb3][0xffffffb4][0xffffff93][0xe]C[0xffffffa7][0xffffffb3]kAD][0xffffff9d][0xffffffde][0xffffffdb][0xffffffda][0xffffff88][0xffffffec][0xffffffa5][0xffffffbc][0xffffff99][0xffffffd9][0xffffffba]t[0xffffffb5][0xffffffea]9[0xffffffea][0x10])[0xffffffb7][0xffffffca][0xffffff9e][0xfffffff2][0xffffffe2]d^N[0xffffffd8]FW[0x16][0xffffffcd][0xffffffdc]_[0x10][0xfffffff9]i|[0x1c][0xffffff93][0xffffff8e][0xfffffff9]o[0x16][0xffffff86]4'!$G[0xffffffdf]W[0xfffffff4]W*j[[0xfffffff3]xR[0xffffffae][0xffffffb6][0xc][0xffffffd0],; #[0xffffffa9][0xffffff92]5[0xffffffb5][0x7][0xffffff9c][0xffffffb5][0xffffffd0][0x7f][0xffffff90][0xffffffc7]jgs[0xfffffffc][0xffffffc2][0xb][0xffffffd9][0x0]t[0xffffff9e]^'Y[0xfffffffb][0xffffff9f][0xffffffb1][0xffffffd8]:[0xffffffbf][0xffffff8d][0xffffffa5][0xffffff9a][0xffffffad][0x7f]m[0x5]&[0xffffffaa][0xffffffa0]^[0xffffff9b][0xffffffcb][0x5]f[0xffffffae][0xffffffe0]RU[0xffffff82][0x10]MS9l[0xffffff91]4t[0xfffffffb][0xffffff8a]][0xffffffd6][0xfffffff4][0xffffff96][0xffffffa6][0xffffff9f]P[0xffffffce][0xffffffd5][0xffffffce][0xffffff93][0xffffffff][0xffffff97][0xffffffcc]p[0xfffffffd][0xfffffff3][0xffffffe8][0x1b][0xffffffcc][0xffffffa2][0xffffffd9]Q[0xffffffbe][0xffffffb2][0xffffffa3][0xffffffc7]m'[0xffffffdf][0xffffffe4][[0xfffffffb]^[0xffffffb0][0xffffff9a][0xffffffbe][0xffffffda][0xffffffda]_[0xffffffce][0xffffff80][0xffffffd2][0xffffffc1]7[0xffffffb7]][0xffffffc1]b[0xffffffee][0xffffffb5][0xffffffff]w[0xffffff83][0xffffffed][0xffffffa7];[0x15]<[0x10]4[0xffffff92][0xffffff84][0x18][\n]"
20:20:02.170 [main] DEBUG org.apache.hc.client5.http.wire - http-outgoing-0 << "BB[0xffffffba][0xffffff8e]][0xffffffb5]jo[0xffffffb9]+"[0xffffffea][0xffffffb4][0xffffffff]h"[0xffffffea]\?5[0xffffffa9][0xffffffaf]k[0xffffffec][0xffffffff]P[0xffffffea][\n]"
20:20:02.170 [main] DEBUG org.apache.hc.client5.http.wire - http-outgoing-0 << "w[0xffffffe1]K[0x13][0xffffffda][0xffffffec][0xffffff98][0xffffffe6]Y[0xfffffffd]h8m6[0xffffff9c]T[0xffffffc1][0xfffffff2][0xffffffa7][0xffffff91]z_[0xffffff95]o85p[0x1c][0x13][0xffffffe6][0xfffffff0]5[0xffffffee][0xfffffffc][0xffffff92][0xffffff96][0xffffffda][0xfffffff7][0xffffffcf][0xffffffb1][0x5][0x1d][0xffffffea]K[0xffffff9b]9[0xffffff8e][0xffffffad]e[0xfffffff7][0xffffff93][0xffffffa8]`[0xffffffda][0xffffffff][0x1a][0xffffffd2][0xffffff88][0xffffff85][0xfffffffd][0xfffffff2][0xffffff91]N[0xfffffff6]`[0xffffffdf]2[0xffffffcf][0xffffffae]E[0xffffff97][0xffffffc5][0xffffffa2][0xffffff9d][0xffffffef]'[0xffffff9d]mun.[0xffffffd3]f^[0xffffffc7][0xffffff82][0xffffffda][0xffffff82]9[0xfffffff5][0xffffffa9]`[0x5][0xffffffbc]4[0xffffffa1][0x1d]<M[0xffffffb5]A[0xffffffa7]3[[0xffffffc0][0x7f][0x0][0xffffffc1][0xffffffd0]$[0xffffff85][0x1d][\r][0x0][0x0]"
20:20:02.172 [main] DEBUG org.apache.hc.client5.http.impl.classic.InternalHttpClient - ep-0000000000 releasing valid endpoint
20:20:02.172 [main] DEBUG org.apache.hc.client5.http.impl.io.PoolingHttpClientConnectionManager - ep-0000000000 releasing endpoint
20:20:02.172 [main] DEBUG org.apache.hc.client5.http.impl.io.PoolingHttpClientConnectionManager - ep-0000000000 connection http-outgoing-0 can be kept alive for 3 MINUTES
20:20:02.174 [main] DEBUG org.apache.hc.client5.http.impl.io.PoolingHttpClientConnectionManager - ep-0000000000 connection released [route: {s}->https://raw.githubusercontent.com:443][total available: 1; route allocated: 1 of 5; total allocated: 1 of 25]
20:20:02.174 [main] DEBUG io.github.bonigarcia.wdm.versions.VersionDetector - Detecting chrome version using online commands.properties
20:20:02.178 [main] DEBUG io.github.bonigarcia.wdm.versions.Shell - Running command on the shell: [cmd.exe, /C, wmic, datafile, where, name="%PROGRAMFILES:\=\\%\\Google\\Chrome\\Application\\chrome.exe", get, Version, /value]
20:20:03.292 [main] DEBUG io.github.bonigarcia.wdm.versions.Shell - Result: Version=113.0.5672.93
20:20:03.296 [main] DEBUG io.github.bonigarcia.wdm.cache.ResolutionCache - Resolution chrome113=113.0.5672.63 in cache (valid until 06:38:10 13/05/2023 ICT)
20:20:03.296 [main] INFO io.github.bonigarcia.wdm.WebDriverManager - Using chromedriver 113.0.5672.63 (resolved driver for Chrome 113)
20:20:03.302 [main] DEBUG io.github.bonigarcia.wdm.cache.ResolutionCache - Storing resolution chrome=113 in cache (valid until 21:20:03 12/05/2023 ICT)
20:20:03.337 [main] DEBUG io.github.bonigarcia.wdm.WebDriverManager - Driver chromedriver 113.0.5672.63 found in cache
20:20:03.339 [main] INFO io.github.bonigarcia.wdm.WebDriverManager - Exporting webdriver.chrome.driver as C:\Users\zulfa\.cache\selenium\chromedriver\win32\113.0.5672.63\chromedriver.exe
20:20:03.554 [main] INFO net.serenitybdd.core.webdriver.driverproviders.ChromeDriverProvider - Starting Chrome driver instance with capabilities:
20:20:03.562 [main] INFO net.serenitybdd.core.webdriver.driverproviders.ChromeDriverProvider - Capabilities {acceptInsecureCerts: true, browserName: chrome, goog:chromeOptions: {args: [remote-allow-origins=*, test-type, no-sandbox, ignore-certificate-errors, start-maximized, incognito, disable-infobars, disable-gpu, disable-default-apps, disable-popup-blocking, remote-allow-origins=*, test-type, no-sandbox, ignore-certificate-errors, start-maximized, incognito, disable-infobars, disable-gpu, disable-default-apps, disable-popup-blocking, remote-allow-origins=*], extensions: []}}
20:20:03.806 [main] DEBUG io.netty.util.internal.logging.InternalLoggerFactory - Using SLF4J as the default logging framework
20:20:03.816 [main] DEBUG io.netty.util.ResourceLeakDetector - -Dio.netty.leakDetection.level: simple
20:20:03.816 [main] DEBUG io.netty.util.ResourceLeakDetector - -Dio.netty.leakDetection.targetRecords: 4
20:20:03.828 [main] DEBUG io.netty.util.ResourceLeakDetectorFactory - Loaded default ResourceLeakDetector: io.netty.util.ResourceLeakDetector@7e9ed4df
20:20:03.890 [main] DEBUG io.netty.util.internal.PlatformDependent0 - -Dio.netty.noUnsafe: false
20:20:03.891 [main] DEBUG io.netty.util.internal.PlatformDependent0 - Java version: 8
20:20:03.893 [main] DEBUG io.netty.util.internal.PlatformDependent0 - sun.misc.Unsafe.theUnsafe: available
20:20:03.895 [main] DEBUG io.netty.util.internal.PlatformDependent0 - sun.misc.Unsafe.copyMemory: available
20:20:03.896 [main] DEBUG io.netty.util.internal.PlatformDependent0 - sun.misc.Unsafe.storeFence: available
20:20:03.897 [main] DEBUG io.netty.util.internal.PlatformDependent0 - java.nio.Buffer.address: available
20:20:03.899 [main] DEBUG io.netty.util.internal.PlatformDependent0 - direct buffer constructor: available
20:20:03.901 [main] DEBUG io.netty.util.internal.PlatformDependent0 - java.nio.Bits.unaligned: available, true
20:20:03.901 [main] DEBUG io.netty.util.internal.PlatformDependent0 - jdk.internal.misc.Unsafe.allocateUninitializedArray(int): unavailable prior to Java9
20:20:03.901 [main] DEBUG io.netty.util.internal.PlatformDependent0 - java.nio.DirectByteBuffer.<init>(long, int): available
20:20:03.901 [main] DEBUG io.netty.util.internal.PlatformDependent - sun.misc.Unsafe: available
20:20:03.902 [main] DEBUG io.netty.util.internal.PlatformDependent - -Dio.netty.tmpdir: C:\Users\zulfa\AppData\Local\Temp (java.io.tmpdir)
20:20:03.902 [main] DEBUG io.netty.util.internal.PlatformDependent - -Dio.netty.bitMode: 64 (sun.arch.data.model)
20:20:03.902 [main] DEBUG io.netty.util.internal.PlatformDependent - Platform: Windows
20:20:03.905 [main] DEBUG io.netty.util.internal.PlatformDependent - -Dio.netty.maxDirectMemory: 2837446656 bytes
20:20:03.905 [main] DEBUG io.netty.util.internal.PlatformDependent - -Dio.netty.uninitializedArrayAllocationThreshold: -1
20:20:03.908 [main] DEBUG io.netty.util.internal.CleanerJava6 - java.nio.ByteBuffer.cleaner(): available
20:20:03.908 [main] DEBUG io.netty.util.internal.PlatformDependent - -Dio.netty.noPreferDirect: false
20:20:03.932 [main] DEBUG io.netty.util.internal.PlatformDependent - org.jctools-core.MpscChunkedArrayQueue: available
20:20:04.013 [main] DEBUG io.netty.util.internal.InternalThreadLocalMap - -Dio.netty.threadLocalMap.stringBuilder.initialSize: 1024
20:20:04.013 [main] DEBUG io.netty.util.internal.InternalThreadLocalMap - -Dio.netty.threadLocalMap.stringBuilder.maxSize: 4096
20:20:04.061 [main] DEBUG io.netty.handler.ssl.JdkSslContext - Default protocols (JDK): [TLSv1.2, TLSv1.1, TLSv1] 
20:20:04.061 [main] DEBUG io.netty.handler.ssl.JdkSslContext - Default cipher suites (JDK): [TLS_ECDHE_ECDSA_WITH_AES_256_GCM_SHA384, TLS_ECDHE_ECDSA_WITH_AES_128_GCM_SHA256, TLS_ECDHE_RSA_WITH_AES_128_GCM_SHA256, TLS_ECDHE_RSA_WITH_AES_256_GCM_SHA384, TLS_ECDHE_RSA_WITH_AES_128_CBC_SHA, TLS_ECDHE_RSA_WITH_AES_256_CBC_SHA, TLS_RSA_WITH_AES_128_GCM_SHA256, TLS_RSA_WITH_AES_128_CBC_SHA, TLS_RSA_WITH_AES_256_CBC_SHA]
20:20:04.148 [main] DEBUG io.netty.channel.MultithreadEventLoopGroup - -Dio.netty.eventLoopThreads: 8
20:20:04.175 [main] DEBUG io.netty.channel.nio.NioEventLoop - -Dio.netty.noKeySetOptimization: false
20:20:04.175 [main] DEBUG io.netty.channel.nio.NioEventLoop - -Dio.netty.selectorAutoRebuildThreshold: 512
20:20:04.274 [main] DEBUG io.netty.buffer.PooledByteBufAllocator - -Dio.netty.allocator.numHeapArenas: 8
20:20:04.274 [main] DEBUG io.netty.buffer.PooledByteBufAllocator - -Dio.netty.allocator.numDirectArenas: 8
20:20:04.274 [main] DEBUG io.netty.buffer.PooledByteBufAllocator - -Dio.netty.allocator.pageSize: 8192
20:20:04.274 [main] DEBUG io.netty.buffer.PooledByteBufAllocator - -Dio.netty.allocator.maxOrder: 9
20:20:04.275 [main] DEBUG io.netty.buffer.PooledByteBufAllocator - -Dio.netty.allocator.chunkSize: 4194304
20:20:04.275 [main] DEBUG io.netty.buffer.PooledByteBufAllocator - -Dio.netty.allocator.smallCacheSize: 256
20:20:04.275 [main] DEBUG io.netty.buffer.PooledByteBufAllocator - -Dio.netty.allocator.normalCacheSize: 64
20:20:04.275 [main] DEBUG io.netty.buffer.PooledByteBufAllocator - -Dio.netty.allocator.maxCachedBufferCapacity: 32768
20:20:04.275 [main] DEBUG io.netty.buffer.PooledByteBufAllocator - -Dio.netty.allocator.cacheTrimInterval: 8192
20:20:04.275 [main] DEBUG io.netty.buffer.PooledByteBufAllocator - -Dio.netty.allocator.cacheTrimIntervalMillis: 0
20:20:04.275 [main] DEBUG io.netty.buffer.PooledByteBufAllocator - -Dio.netty.allocator.useCacheForAllThreads: false
20:20:04.275 [main] DEBUG io.netty.buffer.PooledByteBufAllocator - -Dio.netty.allocator.maxCachedByteBuffersPerChunk: 1023
20:20:04.304 [main] DEBUG io.netty.buffer.ByteBufUtil - -Dio.netty.allocator.type: pooled
20:20:04.304 [main] DEBUG io.netty.buffer.ByteBufUtil - -Dio.netty.threadLocalDirectBufferSize: 0
20:20:04.304 [main] DEBUG io.netty.buffer.ByteBufUtil - -Dio.netty.maxThreadLocalCharBufferSize: 16384
20:20:07.220 [Forwarding newSession on session null to remote] DEBUG io.netty.channel.DefaultChannelId - -Dio.netty.processId: 10024 (auto-detected)
20:20:07.225 [Forwarding newSession on session null to remote] DEBUG io.netty.util.NetUtil - -Djava.net.preferIPv4Stack: false
20:20:07.226 [Forwarding newSession on session null to remote] DEBUG io.netty.util.NetUtil - -Djava.net.preferIPv6Addresses: false
20:20:07.616 [Forwarding newSession on session null to remote] DEBUG io.netty.util.NetUtilInitializations - Loopback interface: lo (Software Loopback Interface 1, 127.0.0.1)
20:20:07.620 [Forwarding newSession on session null to remote] DEBUG io.netty.util.NetUtil - Failed to get SOMAXCONN from sysctl and file \proc\sys\net\core\somaxconn. Default: 200
20:20:07.643 [Forwarding newSession on session null to remote] DEBUG io.netty.channel.DefaultChannelId - -Dio.netty.machineId: 24:41:8c:ff:fe:5c:5a:c1 (auto-detected)
20:20:07.801 [AsyncHttpClient-1-2] DEBUG io.netty.buffer.AbstractByteBuf - -Dio.netty.buffer.checkAccessible: true
20:20:07.801 [AsyncHttpClient-1-2] DEBUG io.netty.buffer.AbstractByteBuf - -Dio.netty.buffer.checkBounds: true
20:20:07.801 [AsyncHttpClient-1-2] DEBUG io.netty.util.ResourceLeakDetectorFactory - Loaded default ResourceLeakDetector: io.netty.util.ResourceLeakDetector@70f3e06c
20:20:07.841 [AsyncHttpClient-1-2] DEBUG org.asynchttpclient.netty.channel.NettyConnectListener - Using new Channel '[id: 0x7a35237f, L:/127.0.0.1:54437 - R:localhost/127.0.0.1:20491]' for 'POST' to '/session'
20:20:07.893 [AsyncHttpClient-1-2] DEBUG io.netty.util.Recycler - -Dio.netty.recycler.maxCapacityPerThread: 4096
20:20:07.893 [AsyncHttpClient-1-2] DEBUG io.netty.util.Recycler - -Dio.netty.recycler.ratio: 8
20:20:07.893 [AsyncHttpClient-1-2] DEBUG io.netty.util.Recycler - -Dio.netty.recycler.chunkSize: 32
20:20:07.893 [AsyncHttpClient-1-2] DEBUG io.netty.util.Recycler - -Dio.netty.recycler.blocking: false
20:20:10.662 [AsyncHttpClient-1-2] DEBUG io.netty.handler.codec.compression.Brotli - brotli4j not in the classpath; Brotli support will be unavailable.
20:20:10.663 [AsyncHttpClient-1-2] DEBUG org.asynchttpclient.netty.handler.HttpHandler - 

Request DefaultHttpRequest(decodeResult: success, version: HTTP/1.1)
POST /session HTTP/1.1
User-Agent: selenium/4.8.1 (java windows)
Content-Length: 1701
Content-Type: application/json; charset=utf-8
host: localhost:20491
accept: */*

Response DefaultHttpResponse(decodeResult: success, version: HTTP/1.1)
HTTP/1.1 200 OK
Content-Length: 857
Content-Type: application/json; charset=utf-8
cache-control: no-cache

20:20:10.689 [AsyncHttpClient-1-2] DEBUG org.asynchttpclient.netty.channel.ChannelManager - Adding key: http://localhost:20491 for channel [id: 0x7a35237f, L:/127.0.0.1:54437 - R:localhost/127.0.0.1:20491]
20:20:11.009 [AsyncHttpClient-1-3] DEBUG org.asynchttpclient.netty.channel.NettyConnectListener - Using new Channel '[id: 0x3f7b4eba, L:/127.0.0.1:54448 - R:localhost/127.0.0.1:54441]' for 'GET' to '/json/version'
20:20:11.013 [AsyncHttpClient-1-3] DEBUG org.asynchttpclient.netty.handler.HttpHandler - 

Request DefaultFullHttpRequest(decodeResult: success, version: HTTP/1.1, content: EmptyByteBufBE)
GET /json/version HTTP/1.1
User-Agent: selenium/4.8.1 (java windows)
host: localhost:54441
accept: */*

Response DefaultHttpResponse(decodeResult: success, version: HTTP/1.1)
HTTP/1.1 200 OK
Content-Security-Policy: frame-ancestors 'none'
Content-Length: 422
Content-Type: application/json; charset=UTF-8

20:20:11.013 [AsyncHttpClient-1-3] DEBUG org.asynchttpclient.netty.channel.ChannelManager - Adding key: http://localhost:54441 for channel [id: 0x3f7b4eba, L:/127.0.0.1:54448 - R:localhost/127.0.0.1:54441]
20:20:11.032 [main] DEBUG io.netty.util.internal.ThreadLocalRandom - -Dio.netty.initialSeedUniquifier: 0x65c33e517ccc733d
20:20:11.078 [AsyncHttpClient-1-4] DEBUG org.asynchttpclient.netty.channel.NettyConnectListener - Using new Channel '[id: 0x775ba313, L:/127.0.0.1:54449 - R:localhost/127.0.0.1:54441]' for 'GET' to '/devtools/browser/fc285b95-6aa2-4fe4-af46-688a2137c2cb'
20:20:11.082 [AsyncHttpClient-1-4] DEBUG org.asynchttpclient.netty.handler.WebSocketHandler - 

Request DefaultFullHttpRequest(decodeResult: success, version: HTTP/1.1, content: EmptyByteBufBE)
GET /devtools/browser/fc285b95-6aa2-4fe4-af46-688a2137c2cb HTTP/1.1
upgrade: websocket
connection: upgrade
sec-websocket-key: aJowVH4wSFqLnaatrEMDZg==
sec-websocket-version: 13
origin: http://localhost:54441
host: localhost:54441
accept: */*
user-agent: AHC/2.1

Response DefaultHttpResponse(decodeResult: success, version: HTTP/1.1)
HTTP/1.1 101 WebSocket Protocol Handshake
Upgrade: WebSocket
Connection: Upgrade
Sec-WebSocket-Accept: yv4Nkm+Hg6LFAb2Mo+WM1nk8m68=

20:20:11.501 [Forwarding get on session bce3fca379e762465b807258d8c9d973 to remote] DEBUG org.asynchttpclient.netty.request.NettyRequestSender - Using pooled Channel '[id: 0x7a35237f, L:/127.0.0.1:54437 - R:localhost/127.0.0.1:20491]' for 'POST' to 'http://localhost:20491/session/bce3fca379e762465b807258d8c9d973/url'
20:20:11.501 [Forwarding get on session bce3fca379e762465b807258d8c9d973 to remote] DEBUG org.asynchttpclient.netty.request.NettyRequestSender - Using open Channel [id: 0x7a35237f, L:/127.0.0.1:54437 - R:localhost/127.0.0.1:20491] for POST '/session/bce3fca379e762465b807258d8c9d973/url'
20:20:11.762 [AsyncHttpClient-1-1] DEBUG org.asynchttpclient.netty.channel.DefaultChannelPool - Entry count for : http://localhost:54441 : 1
20:20:12.855 [AsyncHttpClient-1-1] DEBUG org.asynchttpclient.netty.channel.DefaultChannelPool - Entry count for : http://localhost:54441 : 1
20:20:13.680 [AsyncHttpClient-1-2] DEBUG org.asynchttpclient.netty.handler.HttpHandler - 

Request DefaultHttpRequest(decodeResult: success, version: HTTP/1.1)
POST /session/bce3fca379e762465b807258d8c9d973/url HTTP/1.1
User-Agent: selenium/4.8.1 (java windows)
Content-Length: 80
Content-Type: application/json; charset=utf-8
host: localhost:20491
accept: */*

Response DefaultHttpResponse(decodeResult: success, version: HTTP/1.1)
HTTP/1.1 200 OK
Content-Length: 14
Content-Type: application/json; charset=utf-8
cache-control: no-cache

20:20:13.680 [AsyncHttpClient-1-2] DEBUG org.asynchttpclient.netty.channel.ChannelManager - Adding key: http://localhost:20491 for channel [id: 0x7a35237f, L:/127.0.0.1:54437 - R:localhost/127.0.0.1:20491]
20:20:13.689 [Forwarding setTimeout on session bce3fca379e762465b807258d8c9d973 to remote] DEBUG org.asynchttpclient.netty.request.NettyRequestSender - Using pooled Channel '[id: 0x7a35237f, L:/127.0.0.1:54437 - R:localhost/127.0.0.1:20491]' for 'POST' to 'http://localhost:20491/session/bce3fca379e762465b807258d8c9d973/timeouts'
20:20:13.690 [Forwarding setTimeout on session bce3fca379e762465b807258d8c9d973 to remote] DEBUG org.asynchttpclient.netty.request.NettyRequestSender - Using open Channel [id: 0x7a35237f, L:/127.0.0.1:54437 - R:localhost/127.0.0.1:20491] for POST '/session/bce3fca379e762465b807258d8c9d973/timeouts'
20:20:13.700 [AsyncHttpClient-1-2] DEBUG org.asynchttpclient.netty.handler.HttpHandler - 

Request DefaultHttpRequest(decodeResult: success, version: HTTP/1.1)
POST /session/bce3fca379e762465b807258d8c9d973/timeouts HTTP/1.1
User-Agent: selenium/4.8.1 (java windows)
Content-Length: 22
Content-Type: application/json; charset=utf-8
host: localhost:20491
accept: */*

Response DefaultHttpResponse(decodeResult: success, version: HTTP/1.1)
HTTP/1.1 200 OK
Content-Length: 14
Content-Type: application/json; charset=utf-8
cache-control: no-cache

20:20:13.701 [AsyncHttpClient-1-2] DEBUG org.asynchttpclient.netty.channel.ChannelManager - Adding key: http://localhost:20491 for channel [id: 0x7a35237f, L:/127.0.0.1:54437 - R:localhost/127.0.0.1:20491]
20:20:13.736 [Forwarding findElement on session bce3fca379e762465b807258d8c9d973 to remote] DEBUG org.asynchttpclient.netty.request.NettyRequestSender - Using pooled Channel '[id: 0x7a35237f, L:/127.0.0.1:54437 - R:localhost/127.0.0.1:20491]' for 'POST' to 'http://localhost:20491/session/bce3fca379e762465b807258d8c9d973/element'
20:20:13.737 [Forwarding findElement on session bce3fca379e762465b807258d8c9d973 to remote] DEBUG org.asynchttpclient.netty.request.NettyRequestSender - Using open Channel [id: 0x7a35237f, L:/127.0.0.1:54437 - R:localhost/127.0.0.1:20491] for POST '/session/bce3fca379e762465b807258d8c9d973/element'
20:20:13.772 [AsyncHttpClient-1-2] DEBUG org.asynchttpclient.netty.handler.HttpHandler - 

Request DefaultHttpRequest(decodeResult: success, version: HTTP/1.1)
POST /session/bce3fca379e762465b807258d8c9d973/element HTTP/1.1
User-Agent: selenium/4.8.1 (java windows)
Content-Length: 118
Content-Type: application/json; charset=utf-8
host: localhost:20491
accept: */*

Response DefaultHttpResponse(decodeResult: success, version: HTTP/1.1)
HTTP/1.1 200 OK
Content-Length: 94
Content-Type: application/json; charset=utf-8
cache-control: no-cache

20:20:13.773 [AsyncHttpClient-1-2] DEBUG org.asynchttpclient.netty.channel.ChannelManager - Adding key: http://localhost:20491 for channel [id: 0x7a35237f, L:/127.0.0.1:54437 - R:localhost/127.0.0.1:20491]
20:20:13.826 [Forwarding isElementDisplayed on session bce3fca379e762465b807258d8c9d973 to remote] DEBUG org.asynchttpclient.netty.request.NettyRequestSender - Using pooled Channel '[id: 0x7a35237f, L:/127.0.0.1:54437 - R:localhost/127.0.0.1:20491]' for 'POST' to 'http://localhost:20491/session/bce3fca379e762465b807258d8c9d973/execute/sync'
20:20:13.826 [Forwarding isElementDisplayed on session bce3fca379e762465b807258d8c9d973 to remote] DEBUG org.asynchttpclient.netty.request.NettyRequestSender - Using open Channel [id: 0x7a35237f, L:/127.0.0.1:54437 - R:localhost/127.0.0.1:20491] for POST '/session/bce3fca379e762465b807258d8c9d973/execute/sync'
20:20:13.873 [AsyncHttpClient-1-2] DEBUG org.asynchttpclient.netty.handler.HttpHandler - 

Request DefaultHttpRequest(decodeResult: success, version: HTTP/1.1)
POST /session/bce3fca379e762465b807258d8c9d973/execute/sync HTTP/1.1
User-Agent: selenium/4.8.1 (java windows)
Content-Length: 48813
Content-Type: application/json; charset=utf-8
host: localhost:20491
accept: */*

Response DefaultHttpResponse(decodeResult: success, version: HTTP/1.1)
HTTP/1.1 200 OK
Content-Length: 14
Content-Type: application/json; charset=utf-8
cache-control: no-cache

20:20:13.874 [AsyncHttpClient-1-2] DEBUG org.asynchttpclient.netty.channel.ChannelManager - Adding key: http://localhost:20491 for channel [id: 0x7a35237f, L:/127.0.0.1:54437 - R:localhost/127.0.0.1:20491]
20:20:13.882 [Forwarding isElementDisplayed on session bce3fca379e762465b807258d8c9d973 to remote] DEBUG org.asynchttpclient.netty.request.NettyRequestSender - Using pooled Channel '[id: 0x7a35237f, L:/127.0.0.1:54437 - R:localhost/127.0.0.1:20491]' for 'POST' to 'http://localhost:20491/session/bce3fca379e762465b807258d8c9d973/execute/sync'
20:20:13.882 [Forwarding isElementDisplayed on session bce3fca379e762465b807258d8c9d973 to remote] DEBUG org.asynchttpclient.netty.request.NettyRequestSender - Using open Channel [id: 0x7a35237f, L:/127.0.0.1:54437 - R:localhost/127.0.0.1:20491] for POST '/session/bce3fca379e762465b807258d8c9d973/execute/sync'
20:20:13.907 [AsyncHttpClient-1-2] DEBUG org.asynchttpclient.netty.handler.HttpHandler - 

Request DefaultHttpRequest(decodeResult: success, version: HTTP/1.1)
POST /session/bce3fca379e762465b807258d8c9d973/execute/sync HTTP/1.1
User-Agent: selenium/4.8.1 (java windows)
Content-Length: 48813
Content-Type: application/json; charset=utf-8
host: localhost:20491
accept: */*

Response DefaultHttpResponse(decodeResult: success, version: HTTP/1.1)
HTTP/1.1 200 OK
Content-Length: 14
Content-Type: application/json; charset=utf-8
cache-control: no-cache

20:20:13.907 [AsyncHttpClient-1-2] DEBUG org.asynchttpclient.netty.channel.ChannelManager - Adding key: http://localhost:20491 for channel [id: 0x7a35237f, L:/127.0.0.1:54437 - R:localhost/127.0.0.1:20491]
20:20:13.942 [main] DEBUG net.thucydides.core.steps.StepInterceptor - STEP DONE: OnAltaShopPage
20:20:13.951 [main] DEBUG net.thucydides.core.steps.StepInterceptor - STARTING STEP: UserSteps.userOnHomePage - clickSignButton
20:20:13.959 [AsyncHttpClient-1-1] DEBUG org.asynchttpclient.netty.channel.DefaultChannelPool - Entry count for : http://localhost:20491 : 1
20:20:13.959 [AsyncHttpClient-1-1] DEBUG org.asynchttpclient.netty.channel.DefaultChannelPool - Entry count for : http://localhost:54441 : 1
20:20:13.965 [Forwarding findElement on session bce3fca379e762465b807258d8c9d973 to remote] DEBUG org.asynchttpclient.netty.request.NettyRequestSender - Using pooled Channel '[id: 0x7a35237f, L:/127.0.0.1:54437 - R:localhost/127.0.0.1:20491]' for 'POST' to 'http://localhost:20491/session/bce3fca379e762465b807258d8c9d973/element'
20:20:13.965 [Forwarding findElement on session bce3fca379e762465b807258d8c9d973 to remote] DEBUG org.asynchttpclient.netty.request.NettyRequestSender - Using open Channel [id: 0x7a35237f, L:/127.0.0.1:54437 - R:localhost/127.0.0.1:20491] for POST '/session/bce3fca379e762465b807258d8c9d973/element'
20:20:13.979 [AsyncHttpClient-1-2] DEBUG org.asynchttpclient.netty.handler.HttpHandler - 

Request DefaultHttpRequest(decodeResult: success, version: HTTP/1.1)
POST /session/bce3fca379e762465b807258d8c9d973/element HTTP/1.1
User-Agent: selenium/4.8.1 (java windows)
Content-Length: 118
Content-Type: application/json; charset=utf-8
host: localhost:20491
accept: */*

Response DefaultHttpResponse(decodeResult: success, version: HTTP/1.1)
HTTP/1.1 200 OK
Content-Length: 94
Content-Type: application/json; charset=utf-8
cache-control: no-cache

20:20:13.980 [AsyncHttpClient-1-2] DEBUG org.asynchttpclient.netty.channel.ChannelManager - Adding key: http://localhost:20491 for channel [id: 0x7a35237f, L:/127.0.0.1:54437 - R:localhost/127.0.0.1:20491]
20:20:13.985 [Forwarding getElementTagName on session bce3fca379e762465b807258d8c9d973 to remote] DEBUG org.asynchttpclient.netty.request.NettyRequestSender - Using pooled Channel '[id: 0x7a35237f, L:/127.0.0.1:54437 - R:localhost/127.0.0.1:20491]' for 'GET' to 'http://localhost:20491/session/bce3fca379e762465b807258d8c9d973/element/F7ECD7AC2AE88B52FE69E3829DDD0652_element_5/name'
20:20:13.985 [Forwarding getElementTagName on session bce3fca379e762465b807258d8c9d973 to remote] DEBUG org.asynchttpclient.netty.request.NettyRequestSender - Using open Channel [id: 0x7a35237f, L:/127.0.0.1:54437 - R:localhost/127.0.0.1:20491] for GET '/session/bce3fca379e762465b807258d8c9d973/element/F7ECD7AC2AE88B52FE69E3829DDD0652_element_5/name'
20:20:13.995 [AsyncHttpClient-1-2] DEBUG org.asynchttpclient.netty.handler.HttpHandler - 

Request DefaultFullHttpRequest(decodeResult: success, version: HTTP/1.1, content: EmptyByteBufBE)
GET /session/bce3fca379e762465b807258d8c9d973/element/F7ECD7AC2AE88B52FE69E3829DDD0652_element_5/name HTTP/1.1
User-Agent: selenium/4.8.1 (java windows)
Cache-Control: no-cache
Content-Type: application/json; charset=utf-8
host: localhost:20491
accept: */*

Response DefaultHttpResponse(decodeResult: success, version: HTTP/1.1)
HTTP/1.1 200 OK
Content-Length: 16
Content-Type: application/json; charset=utf-8
cache-control: no-cache

20:20:13.996 [AsyncHttpClient-1-2] DEBUG org.asynchttpclient.netty.channel.ChannelManager - Adding key: http://localhost:20491 for channel [id: 0x7a35237f, L:/127.0.0.1:54437 - R:localhost/127.0.0.1:20491]
20:20:14.001 [Forwarding getElementTagName on session bce3fca379e762465b807258d8c9d973 to remote] DEBUG org.asynchttpclient.netty.request.NettyRequestSender - Using pooled Channel '[id: 0x7a35237f, L:/127.0.0.1:54437 - R:localhost/127.0.0.1:20491]' for 'GET' to 'http://localhost:20491/session/bce3fca379e762465b807258d8c9d973/element/F7ECD7AC2AE88B52FE69E3829DDD0652_element_5/name'
20:20:14.001 [Forwarding getElementTagName on session bce3fca379e762465b807258d8c9d973 to remote] DEBUG org.asynchttpclient.netty.request.NettyRequestSender - Using open Channel [id: 0x7a35237f, L:/127.0.0.1:54437 - R:localhost/127.0.0.1:20491] for GET '/session/bce3fca379e762465b807258d8c9d973/element/F7ECD7AC2AE88B52FE69E3829DDD0652_element_5/name'
20:20:14.010 [AsyncHttpClient-1-2] DEBUG org.asynchttpclient.netty.handler.HttpHandler - 

Request DefaultFullHttpRequest(decodeResult: success, version: HTTP/1.1, content: EmptyByteBufBE)
GET /session/bce3fca379e762465b807258d8c9d973/element/F7ECD7AC2AE88B52FE69E3829DDD0652_element_5/name HTTP/1.1
User-Agent: selenium/4.8.1 (java windows)
Cache-Control: no-cache
Content-Type: application/json; charset=utf-8
host: localhost:20491
accept: */*

Response DefaultHttpResponse(decodeResult: success, version: HTTP/1.1)
HTTP/1.1 200 OK
Content-Length: 16
Content-Type: application/json; charset=utf-8
cache-control: no-cache

20:20:14.010 [AsyncHttpClient-1-2] DEBUG org.asynchttpclient.netty.channel.ChannelManager - Adding key: http://localhost:20491 for channel [id: 0x7a35237f, L:/127.0.0.1:54437 - R:localhost/127.0.0.1:20491]
20:20:14.017 [Forwarding findElement on session bce3fca379e762465b807258d8c9d973 to remote] DEBUG org.asynchttpclient.netty.request.NettyRequestSender - Using pooled Channel '[id: 0x7a35237f, L:/127.0.0.1:54437 - R:localhost/127.0.0.1:20491]' for 'POST' to 'http://localhost:20491/session/bce3fca379e762465b807258d8c9d973/element'
20:20:14.017 [Forwarding findElement on session bce3fca379e762465b807258d8c9d973 to remote] DEBUG org.asynchttpclient.netty.request.NettyRequestSender - Using open Channel [id: 0x7a35237f, L:/127.0.0.1:54437 - R:localhost/127.0.0.1:20491] for POST '/session/bce3fca379e762465b807258d8c9d973/element'
20:20:14.032 [AsyncHttpClient-1-2] DEBUG org.asynchttpclient.netty.handler.HttpHandler - 

Request DefaultHttpRequest(decodeResult: success, version: HTTP/1.1)
POST /session/bce3fca379e762465b807258d8c9d973/element HTTP/1.1
User-Agent: selenium/4.8.1 (java windows)
Content-Length: 118
Content-Type: application/json; charset=utf-8
host: localhost:20491
accept: */*

Response DefaultHttpResponse(decodeResult: success, version: HTTP/1.1)
HTTP/1.1 200 OK
Content-Length: 94
Content-Type: application/json; charset=utf-8
cache-control: no-cache

20:20:14.032 [AsyncHttpClient-1-2] DEBUG org.asynchttpclient.netty.channel.ChannelManager - Adding key: http://localhost:20491 for channel [id: 0x7a35237f, L:/127.0.0.1:54437 - R:localhost/127.0.0.1:20491]
20:20:14.040 [Forwarding clickElement on session bce3fca379e762465b807258d8c9d973 to remote] DEBUG org.asynchttpclient.netty.request.NettyRequestSender - Using pooled Channel '[id: 0x7a35237f, L:/127.0.0.1:54437 - R:localhost/127.0.0.1:20491]' for 'POST' to 'http://localhost:20491/session/bce3fca379e762465b807258d8c9d973/element/F7ECD7AC2AE88B52FE69E3829DDD0652_element_5/click'
20:20:14.040 [Forwarding clickElement on session bce3fca379e762465b807258d8c9d973 to remote] DEBUG org.asynchttpclient.netty.request.NettyRequestSender - Using open Channel [id: 0x7a35237f, L:/127.0.0.1:54437 - R:localhost/127.0.0.1:20491] for POST '/session/bce3fca379e762465b807258d8c9d973/element/F7ECD7AC2AE88B52FE69E3829DDD0652_element_5/click'
20:20:14.130 [AsyncHttpClient-1-2] DEBUG org.asynchttpclient.netty.handler.HttpHandler - 

Request DefaultHttpRequest(decodeResult: success, version: HTTP/1.1)
POST /session/bce3fca379e762465b807258d8c9d973/element/F7ECD7AC2AE88B52FE69E3829DDD0652_element_5/click HTTP/1.1
User-Agent: selenium/4.8.1 (java windows)
Content-Length: 56
Content-Type: application/json; charset=utf-8
host: localhost:20491
accept: */*

Response DefaultHttpResponse(decodeResult: success, version: HTTP/1.1)
HTTP/1.1 200 OK
Content-Length: 14
Content-Type: application/json; charset=utf-8
cache-control: no-cache

20:20:14.131 [AsyncHttpClient-1-2] DEBUG org.asynchttpclient.netty.channel.ChannelManager - Adding key: http://localhost:20491 for channel [id: 0x7a35237f, L:/127.0.0.1:54437 - R:localhost/127.0.0.1:20491]
20:20:14.149 [main] DEBUG net.thucydides.core.steps.StepInterceptor - STEP DONE: clickSignButton
20:20:14.156 [main] DEBUG net.thucydides.core.steps.StepInterceptor - STARTING STEP: UserSteps.userOnHomePage - inputEmail
20:20:14.170 [Forwarding findElement on session bce3fca379e762465b807258d8c9d973 to remote] DEBUG org.asynchttpclient.netty.request.NettyRequestSender - Using pooled Channel '[id: 0x7a35237f, L:/127.0.0.1:54437 - R:localhost/127.0.0.1:20491]' for 'POST' to 'http://localhost:20491/session/bce3fca379e762465b807258d8c9d973/element'
20:20:14.170 [Forwarding findElement on session bce3fca379e762465b807258d8c9d973 to remote] DEBUG org.asynchttpclient.netty.request.NettyRequestSender - Using open Channel [id: 0x7a35237f, L:/127.0.0.1:54437 - R:localhost/127.0.0.1:20491] for POST '/session/bce3fca379e762465b807258d8c9d973/element'
20:20:14.197 [AsyncHttpClient-1-2] DEBUG org.asynchttpclient.netty.handler.HttpHandler - 

Request DefaultHttpRequest(decodeResult: success, version: HTTP/1.1)
POST /session/bce3fca379e762465b807258d8c9d973/element HTTP/1.1
User-Agent: selenium/4.8.1 (java windows)
Content-Length: 100
Content-Type: application/json; charset=utf-8
host: localhost:20491
accept: */*

Response DefaultHttpResponse(decodeResult: success, version: HTTP/1.1)
HTTP/1.1 200 OK
Content-Length: 94
Content-Type: application/json; charset=utf-8
cache-control: no-cache

20:20:14.198 [AsyncHttpClient-1-2] DEBUG org.asynchttpclient.netty.channel.ChannelManager - Adding key: http://localhost:20491 for channel [id: 0x7a35237f, L:/127.0.0.1:54437 - R:localhost/127.0.0.1:20491]
20:20:14.203 [Forwarding clearElement on session bce3fca379e762465b807258d8c9d973 to remote] DEBUG org.asynchttpclient.netty.request.NettyRequestSender - Using pooled Channel '[id: 0x7a35237f, L:/127.0.0.1:54437 - R:localhost/127.0.0.1:20491]' for 'POST' to 'http://localhost:20491/session/bce3fca379e762465b807258d8c9d973/element/F7ECD7AC2AE88B52FE69E3829DDD0652_element_6/clear'
20:20:14.203 [Forwarding clearElement on session bce3fca379e762465b807258d8c9d973 to remote] DEBUG org.asynchttpclient.netty.request.NettyRequestSender - Using open Channel [id: 0x7a35237f, L:/127.0.0.1:54437 - R:localhost/127.0.0.1:20491] for POST '/session/bce3fca379e762465b807258d8c9d973/element/F7ECD7AC2AE88B52FE69E3829DDD0652_element_6/clear'
20:20:14.280 [AsyncHttpClient-1-2] DEBUG org.asynchttpclient.netty.handler.HttpHandler - 

Request DefaultHttpRequest(decodeResult: success, version: HTTP/1.1)
POST /session/bce3fca379e762465b807258d8c9d973/element/F7ECD7AC2AE88B52FE69E3829DDD0652_element_6/clear HTTP/1.1
User-Agent: selenium/4.8.1 (java windows)
Content-Length: 56
Content-Type: application/json; charset=utf-8
host: localhost:20491
accept: */*

Response DefaultHttpResponse(decodeResult: success, version: HTTP/1.1)
HTTP/1.1 200 OK
Content-Length: 14
Content-Type: application/json; charset=utf-8
cache-control: no-cache

20:20:14.280 [AsyncHttpClient-1-2] DEBUG org.asynchttpclient.netty.channel.ChannelManager - Adding key: http://localhost:20491 for channel [id: 0x7a35237f, L:/127.0.0.1:54437 - R:localhost/127.0.0.1:20491]
20:20:14.290 [Forwarding sendKeysToElement on session bce3fca379e762465b807258d8c9d973 to remote] DEBUG org.asynchttpclient.netty.request.NettyRequestSender - Using pooled Channel '[id: 0x7a35237f, L:/127.0.0.1:54437 - R:localhost/127.0.0.1:20491]' for 'POST' to 'http://localhost:20491/session/bce3fca379e762465b807258d8c9d973/element/F7ECD7AC2AE88B52FE69E3829DDD0652_element_6/value'
20:20:14.290 [Forwarding sendKeysToElement on session bce3fca379e762465b807258d8c9d973 to remote] DEBUG org.asynchttpclient.netty.request.NettyRequestSender - Using open Channel [id: 0x7a35237f, L:/127.0.0.1:54437 - R:localhost/127.0.0.1:20491] for POST '/session/bce3fca379e762465b807258d8c9d973/element/F7ECD7AC2AE88B52FE69E3829DDD0652_element_6/value'
20:20:14.627 [AsyncHttpClient-1-2] DEBUG org.asynchttpclient.netty.handler.HttpHandler - 

Request DefaultHttpRequest(decodeResult: success, version: HTTP/1.1)
POST /session/bce3fca379e762465b807258d8c9d973/element/F7ECD7AC2AE88B52FE69E3829DDD0652_element_6/value HTTP/1.1
User-Agent: selenium/4.8.1 (java windows)
Content-Length: 287
Content-Type: application/json; charset=utf-8
host: localhost:20491
accept: */*

Response DefaultHttpResponse(decodeResult: success, version: HTTP/1.1)
HTTP/1.1 200 OK
Content-Length: 14
Content-Type: application/json; charset=utf-8
cache-control: no-cache

20:20:14.628 [AsyncHttpClient-1-2] DEBUG org.asynchttpclient.netty.channel.ChannelManager - Adding key: http://localhost:20491 for channel [id: 0x7a35237f, L:/127.0.0.1:54437 - R:localhost/127.0.0.1:20491]
20:20:14.640 [main] DEBUG net.thucydides.core.steps.StepInterceptor - STEP DONE: inputEmail
20:20:14.652 [main] DEBUG net.thucydides.core.steps.StepInterceptor - STARTING STEP: UserSteps.userOnHomePage - inputpassword
20:20:14.658 [Forwarding findElement on session bce3fca379e762465b807258d8c9d973 to remote] DEBUG org.asynchttpclient.netty.request.NettyRequestSender - Using pooled Channel '[id: 0x7a35237f, L:/127.0.0.1:54437 - R:localhost/127.0.0.1:20491]' for 'POST' to 'http://localhost:20491/session/bce3fca379e762465b807258d8c9d973/element'
20:20:14.658 [Forwarding findElement on session bce3fca379e762465b807258d8c9d973 to remote] DEBUG org.asynchttpclient.netty.request.NettyRequestSender - Using open Channel [id: 0x7a35237f, L:/127.0.0.1:54437 - R:localhost/127.0.0.1:20491] for POST '/session/bce3fca379e762465b807258d8c9d973/element'
20:20:14.720 [AsyncHttpClient-1-2] DEBUG org.asynchttpclient.netty.handler.HttpHandler - 

Request DefaultHttpRequest(decodeResult: success, version: HTTP/1.1)
POST /session/bce3fca379e762465b807258d8c9d973/element HTTP/1.1
User-Agent: selenium/4.8.1 (java windows)
Content-Length: 103
Content-Type: application/json; charset=utf-8
host: localhost:20491
accept: */*

Response DefaultHttpResponse(decodeResult: success, version: HTTP/1.1)
HTTP/1.1 200 OK
Content-Length: 94
Content-Type: application/json; charset=utf-8
cache-control: no-cache

20:20:14.722 [AsyncHttpClient-1-2] DEBUG org.asynchttpclient.netty.channel.ChannelManager - Adding key: http://localhost:20491 for channel [id: 0x7a35237f, L:/127.0.0.1:54437 - R:localhost/127.0.0.1:20491]
20:20:14.734 [Forwarding clearElement on session bce3fca379e762465b807258d8c9d973 to remote] DEBUG org.asynchttpclient.netty.request.NettyRequestSender - Using pooled Channel '[id: 0x7a35237f, L:/127.0.0.1:54437 - R:localhost/127.0.0.1:20491]' for 'POST' to 'http://localhost:20491/session/bce3fca379e762465b807258d8c9d973/element/F7ECD7AC2AE88B52FE69E3829DDD0652_element_9/clear'
20:20:14.734 [Forwarding clearElement on session bce3fca379e762465b807258d8c9d973 to remote] DEBUG org.asynchttpclient.netty.request.NettyRequestSender - Using open Channel [id: 0x7a35237f, L:/127.0.0.1:54437 - R:localhost/127.0.0.1:20491] for POST '/session/bce3fca379e762465b807258d8c9d973/element/F7ECD7AC2AE88B52FE69E3829DDD0652_element_9/clear'
20:20:14.797 [AsyncHttpClient-1-2] DEBUG org.asynchttpclient.netty.handler.HttpHandler - 

Request DefaultHttpRequest(decodeResult: success, version: HTTP/1.1)
POST /session/bce3fca379e762465b807258d8c9d973/element/F7ECD7AC2AE88B52FE69E3829DDD0652_element_9/clear HTTP/1.1
User-Agent: selenium/4.8.1 (java windows)
Content-Length: 56
Content-Type: application/json; charset=utf-8
host: localhost:20491
accept: */*

Response DefaultHttpResponse(decodeResult: success, version: HTTP/1.1)
HTTP/1.1 200 OK
Content-Length: 14
Content-Type: application/json; charset=utf-8
cache-control: no-cache

20:20:14.798 [AsyncHttpClient-1-2] DEBUG org.asynchttpclient.netty.channel.ChannelManager - Adding key: http://localhost:20491 for channel [id: 0x7a35237f, L:/127.0.0.1:54437 - R:localhost/127.0.0.1:20491]
20:20:14.806 [Forwarding sendKeysToElement on session bce3fca379e762465b807258d8c9d973 to remote] DEBUG org.asynchttpclient.netty.request.NettyRequestSender - Using pooled Channel '[id: 0x7a35237f, L:/127.0.0.1:54437 - R:localhost/127.0.0.1:20491]' for 'POST' to 'http://localhost:20491/session/bce3fca379e762465b807258d8c9d973/element/F7ECD7AC2AE88B52FE69E3829DDD0652_element_9/value'
20:20:14.806 [Forwarding sendKeysToElement on session bce3fca379e762465b807258d8c9d973 to remote] DEBUG org.asynchttpclient.netty.request.NettyRequestSender - Using open Channel [id: 0x7a35237f, L:/127.0.0.1:54437 - R:localhost/127.0.0.1:20491] for POST '/session/bce3fca379e762465b807258d8c9d973/element/F7ECD7AC2AE88B52FE69E3829DDD0652_element_9/value'
20:20:14.996 [AsyncHttpClient-1-2] DEBUG org.asynchttpclient.netty.handler.HttpHandler - 

Request DefaultHttpRequest(decodeResult: success, version: HTTP/1.1)
POST /session/bce3fca379e762465b807258d8c9d973/element/F7ECD7AC2AE88B52FE69E3829DDD0652_element_9/value HTTP/1.1
User-Agent: selenium/4.8.1 (java windows)
Content-Length: 147
Content-Type: application/json; charset=utf-8
host: localhost:20491
accept: */*

Response DefaultHttpResponse(decodeResult: success, version: HTTP/1.1)
HTTP/1.1 200 OK
Content-Length: 14
Content-Type: application/json; charset=utf-8
cache-control: no-cache

20:20:14.997 [AsyncHttpClient-1-2] DEBUG org.asynchttpclient.netty.channel.ChannelManager - Adding key: http://localhost:20491 for channel [id: 0x7a35237f, L:/127.0.0.1:54437 - R:localhost/127.0.0.1:20491]
20:20:15.005 [main] DEBUG net.thucydides.core.steps.StepInterceptor - STEP DONE: inputpassword
20:20:15.013 [main] DEBUG net.thucydides.core.steps.StepInterceptor - STARTING STEP: UserSteps.userOnHomePage - clickSubmitLogin
20:20:15.025 [Forwarding findElement on session bce3fca379e762465b807258d8c9d973 to remote] DEBUG org.asynchttpclient.netty.request.NettyRequestSender - Using pooled Channel '[id: 0x7a35237f, L:/127.0.0.1:54437 - R:localhost/127.0.0.1:20491]' for 'POST' to 'http://localhost:20491/session/bce3fca379e762465b807258d8c9d973/element'
20:20:15.025 [Forwarding findElement on session bce3fca379e762465b807258d8c9d973 to remote] DEBUG org.asynchttpclient.netty.request.NettyRequestSender - Using open Channel [id: 0x7a35237f, L:/127.0.0.1:54437 - R:localhost/127.0.0.1:20491] for POST '/session/bce3fca379e762465b807258d8c9d973/element'
20:20:15.049 [AsyncHttpClient-1-2] DEBUG org.asynchttpclient.netty.handler.HttpHandler - 

Request DefaultHttpRequest(decodeResult: success, version: HTTP/1.1)
POST /session/bce3fca379e762465b807258d8c9d973/element HTTP/1.1
User-Agent: selenium/4.8.1 (java windows)
Content-Length: 155
Content-Type: application/json; charset=utf-8
host: localhost:20491
accept: */*

Response DefaultHttpResponse(decodeResult: success, version: HTTP/1.1)
HTTP/1.1 200 OK
Content-Length: 94
Content-Type: application/json; charset=utf-8
cache-control: no-cache

20:20:15.050 [AsyncHttpClient-1-2] DEBUG org.asynchttpclient.netty.channel.ChannelManager - Adding key: http://localhost:20491 for channel [id: 0x7a35237f, L:/127.0.0.1:54437 - R:localhost/127.0.0.1:20491]
20:20:15.052 [AsyncHttpClient-1-1] DEBUG org.asynchttpclient.netty.channel.DefaultChannelPool - Entry count for : http://localhost:20491 : 1
20:20:15.052 [AsyncHttpClient-1-1] DEBUG org.asynchttpclient.netty.channel.DefaultChannelPool - Entry count for : http://localhost:54441 : 1
20:20:15.054 [Forwarding getElementTagName on session bce3fca379e762465b807258d8c9d973 to remote] DEBUG org.asynchttpclient.netty.request.NettyRequestSender - Using pooled Channel '[id: 0x7a35237f, L:/127.0.0.1:54437 - R:localhost/127.0.0.1:20491]' for 'GET' to 'http://localhost:20491/session/bce3fca379e762465b807258d8c9d973/element/F7ECD7AC2AE88B52FE69E3829DDD0652_element_2/name'
20:20:15.054 [Forwarding getElementTagName on session bce3fca379e762465b807258d8c9d973 to remote] DEBUG org.asynchttpclient.netty.request.NettyRequestSender - Using open Channel [id: 0x7a35237f, L:/127.0.0.1:54437 - R:localhost/127.0.0.1:20491] for GET '/session/bce3fca379e762465b807258d8c9d973/element/F7ECD7AC2AE88B52FE69E3829DDD0652_element_2/name'
20:20:15.062 [AsyncHttpClient-1-2] DEBUG org.asynchttpclient.netty.handler.HttpHandler - 

Request DefaultFullHttpRequest(decodeResult: success, version: HTTP/1.1, content: EmptyByteBufBE)
GET /session/bce3fca379e762465b807258d8c9d973/element/F7ECD7AC2AE88B52FE69E3829DDD0652_element_2/name HTTP/1.1
User-Agent: selenium/4.8.1 (java windows)
Cache-Control: no-cache
Content-Type: application/json; charset=utf-8
host: localhost:20491
accept: */*

Response DefaultHttpResponse(decodeResult: success, version: HTTP/1.1)
HTTP/1.1 200 OK
Content-Length: 18
Content-Type: application/json; charset=utf-8
cache-control: no-cache

20:20:15.062 [AsyncHttpClient-1-2] DEBUG org.asynchttpclient.netty.channel.ChannelManager - Adding key: http://localhost:20491 for channel [id: 0x7a35237f, L:/127.0.0.1:54437 - R:localhost/127.0.0.1:20491]
20:20:15.067 [Forwarding getElementTagName on session bce3fca379e762465b807258d8c9d973 to remote] DEBUG org.asynchttpclient.netty.request.NettyRequestSender - Using pooled Channel '[id: 0x7a35237f, L:/127.0.0.1:54437 - R:localhost/127.0.0.1:20491]' for 'GET' to 'http://localhost:20491/session/bce3fca379e762465b807258d8c9d973/element/F7ECD7AC2AE88B52FE69E3829DDD0652_element_2/name'
20:20:15.069 [Forwarding getElementTagName on session bce3fca379e762465b807258d8c9d973 to remote] DEBUG org.asynchttpclient.netty.request.NettyRequestSender - Using open Channel [id: 0x7a35237f, L:/127.0.0.1:54437 - R:localhost/127.0.0.1:20491] for GET '/session/bce3fca379e762465b807258d8c9d973/element/F7ECD7AC2AE88B52FE69E3829DDD0652_element_2/name'
20:20:15.082 [AsyncHttpClient-1-2] DEBUG org.asynchttpclient.netty.handler.HttpHandler - 

Request DefaultFullHttpRequest(decodeResult: success, version: HTTP/1.1, content: EmptyByteBufBE)
GET /session/bce3fca379e762465b807258d8c9d973/element/F7ECD7AC2AE88B52FE69E3829DDD0652_element_2/name HTTP/1.1
User-Agent: selenium/4.8.1 (java windows)
Cache-Control: no-cache
Content-Type: application/json; charset=utf-8
host: localhost:20491
accept: */*

Response DefaultHttpResponse(decodeResult: success, version: HTTP/1.1)
HTTP/1.1 200 OK
Content-Length: 18
Content-Type: application/json; charset=utf-8
cache-control: no-cache

20:20:15.083 [AsyncHttpClient-1-2] DEBUG org.asynchttpclient.netty.channel.ChannelManager - Adding key: http://localhost:20491 for channel [id: 0x7a35237f, L:/127.0.0.1:54437 - R:localhost/127.0.0.1:20491]
20:20:15.091 [Forwarding isElementEnabled on session bce3fca379e762465b807258d8c9d973 to remote] DEBUG org.asynchttpclient.netty.request.NettyRequestSender - Using pooled Channel '[id: 0x7a35237f, L:/127.0.0.1:54437 - R:localhost/127.0.0.1:20491]' for 'GET' to 'http://localhost:20491/session/bce3fca379e762465b807258d8c9d973/element/F7ECD7AC2AE88B52FE69E3829DDD0652_element_2/enabled'
20:20:15.091 [Forwarding isElementEnabled on session bce3fca379e762465b807258d8c9d973 to remote] DEBUG org.asynchttpclient.netty.request.NettyRequestSender - Using open Channel [id: 0x7a35237f, L:/127.0.0.1:54437 - R:localhost/127.0.0.1:20491] for GET '/session/bce3fca379e762465b807258d8c9d973/element/F7ECD7AC2AE88B52FE69E3829DDD0652_element_2/enabled'
20:20:15.104 [AsyncHttpClient-1-2] DEBUG org.asynchttpclient.netty.handler.HttpHandler - 

Request DefaultFullHttpRequest(decodeResult: success, version: HTTP/1.1, content: EmptyByteBufBE)
GET /session/bce3fca379e762465b807258d8c9d973/element/F7ECD7AC2AE88B52FE69E3829DDD0652_element_2/enabled HTTP/1.1
User-Agent: selenium/4.8.1 (java windows)
Cache-Control: no-cache
Content-Type: application/json; charset=utf-8
host: localhost:20491
accept: */*

Response DefaultHttpResponse(decodeResult: success, version: HTTP/1.1)
HTTP/1.1 200 OK
Content-Length: 14
Content-Type: application/json; charset=utf-8
cache-control: no-cache

20:20:15.105 [AsyncHttpClient-1-2] DEBUG org.asynchttpclient.netty.channel.ChannelManager - Adding key: http://localhost:20491 for channel [id: 0x7a35237f, L:/127.0.0.1:54437 - R:localhost/127.0.0.1:20491]
20:20:15.108 [Forwarding isElementEnabled on session bce3fca379e762465b807258d8c9d973 to remote] DEBUG org.asynchttpclient.netty.request.NettyRequestSender - Using pooled Channel '[id: 0x7a35237f, L:/127.0.0.1:54437 - R:localhost/127.0.0.1:20491]' for 'GET' to 'http://localhost:20491/session/bce3fca379e762465b807258d8c9d973/element/F7ECD7AC2AE88B52FE69E3829DDD0652_element_2/enabled'
20:20:15.108 [Forwarding isElementEnabled on session bce3fca379e762465b807258d8c9d973 to remote] DEBUG org.asynchttpclient.netty.request.NettyRequestSender - Using open Channel [id: 0x7a35237f, L:/127.0.0.1:54437 - R:localhost/127.0.0.1:20491] for GET '/session/bce3fca379e762465b807258d8c9d973/element/F7ECD7AC2AE88B52FE69E3829DDD0652_element_2/enabled'
20:20:15.122 [AsyncHttpClient-1-2] DEBUG org.asynchttpclient.netty.handler.HttpHandler - 

Request DefaultFullHttpRequest(decodeResult: success, version: HTTP/1.1, content: EmptyByteBufBE)
GET /session/bce3fca379e762465b807258d8c9d973/element/F7ECD7AC2AE88B52FE69E3829DDD0652_element_2/enabled HTTP/1.1
User-Agent: selenium/4.8.1 (java windows)
Cache-Control: no-cache
Content-Type: application/json; charset=utf-8
host: localhost:20491
accept: */*

Response DefaultHttpResponse(decodeResult: success, version: HTTP/1.1)
HTTP/1.1 200 OK
Content-Length: 14
Content-Type: application/json; charset=utf-8
cache-control: no-cache

20:20:15.122 [AsyncHttpClient-1-2] DEBUG org.asynchttpclient.netty.channel.ChannelManager - Adding key: http://localhost:20491 for channel [id: 0x7a35237f, L:/127.0.0.1:54437 - R:localhost/127.0.0.1:20491]
20:20:15.127 [Forwarding findElement on session bce3fca379e762465b807258d8c9d973 to remote] DEBUG org.asynchttpclient.netty.request.NettyRequestSender - Using pooled Channel '[id: 0x7a35237f, L:/127.0.0.1:54437 - R:localhost/127.0.0.1:20491]' for 'POST' to 'http://localhost:20491/session/bce3fca379e762465b807258d8c9d973/element'
20:20:15.127 [Forwarding findElement on session bce3fca379e762465b807258d8c9d973 to remote] DEBUG org.asynchttpclient.netty.request.NettyRequestSender - Using open Channel [id: 0x7a35237f, L:/127.0.0.1:54437 - R:localhost/127.0.0.1:20491] for POST '/session/bce3fca379e762465b807258d8c9d973/element'
20:20:15.158 [AsyncHttpClient-1-2] DEBUG org.asynchttpclient.netty.handler.HttpHandler - 

Request DefaultHttpRequest(decodeResult: success, version: HTTP/1.1)
POST /session/bce3fca379e762465b807258d8c9d973/element HTTP/1.1
User-Agent: selenium/4.8.1 (java windows)
Content-Length: 155
Content-Type: application/json; charset=utf-8
host: localhost:20491
accept: */*

Response DefaultHttpResponse(decodeResult: success, version: HTTP/1.1)
HTTP/1.1 200 OK
Content-Length: 94
Content-Type: application/json; charset=utf-8
cache-control: no-cache

20:20:15.158 [AsyncHttpClient-1-2] DEBUG org.asynchttpclient.netty.channel.ChannelManager - Adding key: http://localhost:20491 for channel [id: 0x7a35237f, L:/127.0.0.1:54437 - R:localhost/127.0.0.1:20491]
20:20:15.161 [Forwarding clickElement on session bce3fca379e762465b807258d8c9d973 to remote] DEBUG org.asynchttpclient.netty.request.NettyRequestSender - Using pooled Channel '[id: 0x7a35237f, L:/127.0.0.1:54437 - R:localhost/127.0.0.1:20491]' for 'POST' to 'http://localhost:20491/session/bce3fca379e762465b807258d8c9d973/element/F7ECD7AC2AE88B52FE69E3829DDD0652_element_2/click'
20:20:15.161 [Forwarding clickElement on session bce3fca379e762465b807258d8c9d973 to remote] DEBUG org.asynchttpclient.netty.request.NettyRequestSender - Using open Channel [id: 0x7a35237f, L:/127.0.0.1:54437 - R:localhost/127.0.0.1:20491] for POST '/session/bce3fca379e762465b807258d8c9d973/element/F7ECD7AC2AE88B52FE69E3829DDD0652_element_2/click'
20:20:15.264 [AsyncHttpClient-1-2] DEBUG org.asynchttpclient.netty.handler.HttpHandler - 

Request DefaultHttpRequest(decodeResult: success, version: HTTP/1.1)
POST /session/bce3fca379e762465b807258d8c9d973/element/F7ECD7AC2AE88B52FE69E3829DDD0652_element_2/click HTTP/1.1
User-Agent: selenium/4.8.1 (java windows)
Content-Length: 56
Content-Type: application/json; charset=utf-8
host: localhost:20491
accept: */*

Response DefaultHttpResponse(decodeResult: success, version: HTTP/1.1)
HTTP/1.1 200 OK
Content-Length: 14
Content-Type: application/json; charset=utf-8
cache-control: no-cache

20:20:15.265 [AsyncHttpClient-1-2] DEBUG org.asynchttpclient.netty.channel.ChannelManager - Adding key: http://localhost:20491 for channel [id: 0x7a35237f, L:/127.0.0.1:54437 - R:localhost/127.0.0.1:20491]
20:20:15.273 [main] DEBUG net.thucydides.core.steps.StepInterceptor - STEP DONE: clickSubmitLogin
  &amp#27;[32mGiven &amp#27;[0m&amp#27;[32muser on homepage AltaShop&amp#27;[0m                  &amp#27;[90m# starter.stepdefinitions.UserSteps.userOnHomePage()&amp#27;[0m
20:20:15.311 [main] DEBUG net.thucydides.core.steps.StepInterceptor - STARTING STEP: UserSteps.userClickItem - clickbeli
20:20:15.325 [Forwarding findElement on session bce3fca379e762465b807258d8c9d973 to remote] DEBUG org.asynchttpclient.netty.request.NettyRequestSender - Using pooled Channel '[id: 0x7a35237f, L:/127.0.0.1:54437 - R:localhost/127.0.0.1:20491]' for 'POST' to 'http://localhost:20491/session/bce3fca379e762465b807258d8c9d973/element'
20:20:15.325 [Forwarding findElement on session bce3fca379e762465b807258d8c9d973 to remote] DEBUG org.asynchttpclient.netty.request.NettyRequestSender - Using open Channel [id: 0x7a35237f, L:/127.0.0.1:54437 - R:localhost/127.0.0.1:20491] for POST '/session/bce3fca379e762465b807258d8c9d973/element'
20:20:16.154 [AsyncHttpClient-1-1] DEBUG org.asynchttpclient.netty.channel.DefaultChannelPool - Entry count for : http://localhost:54441 : 1
20:20:17.272 [AsyncHttpClient-1-1] DEBUG org.asynchttpclient.netty.channel.DefaultChannelPool - Entry count for : http://localhost:54441 : 1
20:20:17.580 [AsyncHttpClient-1-2] DEBUG org.asynchttpclient.netty.handler.HttpHandler - 

Request DefaultHttpRequest(decodeResult: success, version: HTTP/1.1)
POST /session/bce3fca379e762465b807258d8c9d973/element HTTP/1.1
User-Agent: selenium/4.8.1 (java windows)
Content-Length: 194
Content-Type: application/json; charset=utf-8
host: localhost:20491
accept: */*

Response DefaultHttpResponse(decodeResult: success, version: HTTP/1.1)
HTTP/1.1 200 OK
Content-Length: 95
Content-Type: application/json; charset=utf-8
cache-control: no-cache

20:20:17.581 [AsyncHttpClient-1-2] DEBUG org.asynchttpclient.netty.channel.ChannelManager - Adding key: http://localhost:20491 for channel [id: 0x7a35237f, L:/127.0.0.1:54437 - R:localhost/127.0.0.1:20491]
20:20:17.588 [Forwarding getElementTagName on session bce3fca379e762465b807258d8c9d973 to remote] DEBUG org.asynchttpclient.netty.request.NettyRequestSender - Using pooled Channel '[id: 0x7a35237f, L:/127.0.0.1:54437 - R:localhost/127.0.0.1:20491]' for 'GET' to 'http://localhost:20491/session/bce3fca379e762465b807258d8c9d973/element/F7ECD7AC2AE88B52FE69E3829DDD0652_element_12/name'
20:20:17.589 [Forwarding getElementTagName on session bce3fca379e762465b807258d8c9d973 to remote] DEBUG org.asynchttpclient.netty.request.NettyRequestSender - Using open Channel [id: 0x7a35237f, L:/127.0.0.1:54437 - R:localhost/127.0.0.1:20491] for GET '/session/bce3fca379e762465b807258d8c9d973/element/F7ECD7AC2AE88B52FE69E3829DDD0652_element_12/name'
20:20:17.603 [AsyncHttpClient-1-2] DEBUG org.asynchttpclient.netty.handler.HttpHandler - 

Request DefaultFullHttpRequest(decodeResult: success, version: HTTP/1.1, content: EmptyByteBufBE)
GET /session/bce3fca379e762465b807258d8c9d973/element/F7ECD7AC2AE88B52FE69E3829DDD0652_element_12/name HTTP/1.1
User-Agent: selenium/4.8.1 (java windows)
Cache-Control: no-cache
Content-Type: application/json; charset=utf-8
host: localhost:20491
accept: */*

Response DefaultHttpResponse(decodeResult: success, version: HTTP/1.1)
HTTP/1.1 200 OK
Content-Length: 16
Content-Type: application/json; charset=utf-8
cache-control: no-cache

20:20:17.604 [AsyncHttpClient-1-2] DEBUG org.asynchttpclient.netty.channel.ChannelManager - Adding key: http://localhost:20491 for channel [id: 0x7a35237f, L:/127.0.0.1:54437 - R:localhost/127.0.0.1:20491]
20:20:17.606 [Forwarding getElementTagName on session bce3fca379e762465b807258d8c9d973 to remote] DEBUG org.asynchttpclient.netty.request.NettyRequestSender - Using pooled Channel '[id: 0x7a35237f, L:/127.0.0.1:54437 - R:localhost/127.0.0.1:20491]' for 'GET' to 'http://localhost:20491/session/bce3fca379e762465b807258d8c9d973/element/F7ECD7AC2AE88B52FE69E3829DDD0652_element_12/name'
20:20:17.607 [Forwarding getElementTagName on session bce3fca379e762465b807258d8c9d973 to remote] DEBUG org.asynchttpclient.netty.request.NettyRequestSender - Using open Channel [id: 0x7a35237f, L:/127.0.0.1:54437 - R:localhost/127.0.0.1:20491] for GET '/session/bce3fca379e762465b807258d8c9d973/element/F7ECD7AC2AE88B52FE69E3829DDD0652_element_12/name'
20:20:17.614 [AsyncHttpClient-1-2] DEBUG org.asynchttpclient.netty.handler.HttpHandler - 

Request DefaultFullHttpRequest(decodeResult: success, version: HTTP/1.1, content: EmptyByteBufBE)
GET /session/bce3fca379e762465b807258d8c9d973/element/F7ECD7AC2AE88B52FE69E3829DDD0652_element_12/name HTTP/1.1
User-Agent: selenium/4.8.1 (java windows)
Cache-Control: no-cache
Content-Type: application/json; charset=utf-8
host: localhost:20491
accept: */*

Response DefaultHttpResponse(decodeResult: success, version: HTTP/1.1)
HTTP/1.1 200 OK
Content-Length: 16
[...]
HTTP/1.1 200 OK
Content-Length: 18
Content-Type: application/json; charset=utf-8
cache-control: no-cache

20:20:17.867 [AsyncHttpClient-1-2] DEBUG org.asynchttpclient.netty.channel.ChannelManager - Adding key: http://localhost:20491 for channel [id: 0x7a35237f, L:/127.0.0.1:54437 - R:localhost/127.0.0.1:20491]
20:20:17.872 [Forwarding isElementEnabled on session bce3fca379e762465b807258d8c9d973 to remote] DEBUG org.asynchttpclient.netty.request.NettyRequestSender - Using pooled Channel '[id: 0x7a35237f, L:/127.0.0.1:54437 - R:localhost/127.0.0.1:20491]' for 'GET' to 'http://localhost:20491/session/bce3fca379e762465b807258d8c9d973/element/F7ECD7AC2AE88B52FE69E3829DDD0652_element_13/enabled'
20:20:17.872 [Forwarding isElementEnabled on session bce3fca379e762465b807258d8c9d973 to remote] DEBUG org.asynchttpclient.netty.request.NettyRequestSender - Using open Channel [id: 0x7a35237f, L:/127.0.0.1:54437 - R:localhost/127.0.0.1:20491] for GET '/session/bce3fca379e762465b807258d8c9d973/element/F7ECD7AC2AE88B52FE69E3829DDD0652_element_13/enabled'
20:20:17.892 [AsyncHttpClient-1-2] DEBUG org.asynchttpclient.netty.handler.HttpHandler - 

Request DefaultFullHttpRequest(decodeResult: success, version: HTTP/1.1, content: EmptyByteBufBE)
GET /session/bce3fca379e762465b807258d8c9d973/element/F7ECD7AC2AE88B52FE69E3829DDD0652_element_13/enabled HTTP/1.1
User-Agent: selenium/4.8.1 (java windows)
Cache-Control: no-cache
Content-Type: application/json; charset=utf-8
host: localhost:20491
accept: */*

Response DefaultHttpResponse(decodeResult: success, version: HTTP/1.1)
HTTP/1.1 200 OK
Content-Length: 14
Content-Type: application/json; charset=utf-8
cache-control: no-cache

20:20:17.892 [AsyncHttpClient-1-2] DEBUG org.asynchttpclient.netty.channel.ChannelManager - Adding key: http://localhost:20491 for channel [id: 0x7a35237f, L:/127.0.0.1:54437 - R:localhost/127.0.0.1:20491]
20:20:17.896 [Forwarding isElementEnabled on session bce3fca379e762465b807258d8c9d973 to remote] DEBUG org.asynchttpclient.netty.request.NettyRequestSender - Using pooled Channel '[id: 0x7a35237f, L:/127.0.0.1:54437 - R:localhost/127.0.0.1:20491]' for 'GET' to 'http://localhost:20491/session/bce3fca379e762465b807258d8c9d973/element/F7ECD7AC2AE88B52FE69E3829DDD0652_element_13/enabled'
20:20:17.896 [Forwarding isElementEnabled on session bce3fca379e762465b807258d8c9d973 to remote] DEBUG org.asynchttpclient.netty.request.NettyRequestSender - Using open Channel [id: 0x7a35237f, L:/127.0.0.1:54437 - R:localhost/127.0.0.1:20491] for GET '/session/bce3fca379e762465b807258d8c9d973/element/F7ECD7AC2AE88B52FE69E3829DDD0652_element_13/enabled'
20:20:17.910 [AsyncHttpClient-1-2] DEBUG org.asynchttpclient.netty.handler.HttpHandler - 

Request DefaultFullHttpRequest(decodeResult: success, version: HTTP/1.1, content: EmptyByteBufBE)
GET /session/bce3fca379e762465b807258d8c9d973/element/F7ECD7AC2AE88B52FE69E3829DDD0652_element_13/enabled HTTP/1.1
User-Agent: selenium/4.8.1 (java windows)
Cache-Control: no-cache
Content-Type: application/json; charset=utf-8
host: localhost:20491
accept: */*

Response DefaultHttpResponse(decodeResult: success, version: HTTP/1.1)
HTTP/1.1 200 OK
Content-Length: 14
Content-Type: application/json; charset=utf-8
cache-control: no-cache

20:20:17.910 [AsyncHttpClient-1-2] DEBUG org.asynchttpclient.netty.channel.ChannelManager - Adding key: http://localhost:20491 for channel [id: 0x7a35237f, L:/127.0.0.1:54437 - R:localhost/127.0.0.1:20491]
20:20:17.917 [Forwarding findElement on session bce3fca379e762465b807258d8c9d973 to remote] DEBUG org.asynchttpclient.netty.request.NettyRequestSender - Using pooled Channel '[id: 0x7a35237f, L:/127.0.0.1:54437 - R:localhost/127.0.0.1:20491]' for 'POST' to 'http://localhost:20491/session/bce3fca379e762465b807258d8c9d973/element'
20:20:17.917 [Forwarding findElement on session bce3fca379e762465b807258d8c9d973 to remote] DEBUG org.asynchttpclient.netty.request.NettyRequestSender - Using open Channel [id: 0x7a35237f, L:/127.0.0.1:54437 - R:localhost/127.0.0.1:20491] for POST '/session/bce3fca379e762465b807258d8c9d973/element'
20:20:17.935 [AsyncHttpClient-1-2] DEBUG org.asynchttpclient.netty.handler.HttpHandler - 

Request DefaultHttpRequest(decodeResult: success, version: HTTP/1.1)
POST /session/bce3fca379e762465b807258d8c9d973/element HTTP/1.1
User-Agent: selenium/4.8.1 (java windows)
Content-Length: 114
Content-Type: application/json; charset=utf-8
host: localhost:20491
accept: */*

Response DefaultHttpResponse(decodeResult: success, version: HTTP/1.1)
HTTP/1.1 200 OK
Content-Length: 95
Content-Type: application/json; charset=utf-8
cache-control: no-cache

20:20:17.935 [AsyncHttpClient-1-2] DEBUG org.asynchttpclient.netty.channel.ChannelManager - Adding key: http://localhost:20491 for channel [id: 0x7a35237f, L:/127.0.0.1:54437 - R:localhost/127.0.0.1:20491]
20:20:17.939 [Forwarding clickElement on session bce3fca379e762465b807258d8c9d973 to remote] DEBUG org.asynchttpclient.netty.request.NettyRequestSender - Using pooled Channel '[id: 0x7a35237f, L:/127.0.0.1:54437 - R:localhost/127.0.0.1:20491]' for 'POST' to 'http://localhost:20491/session/bce3fca379e762465b807258d8c9d973/element/F7ECD7AC2AE88B52FE69E3829DDD0652_element_13/click'
20:20:17.939 [Forwarding clickElement on session bce3fca379e762465b807258d8c9d973 to remote] DEBUG org.asynchttpclient.netty.request.NettyRequestSender - Using open Channel [id: 0x7a35237f, L:/127.0.0.1:54437 - R:localhost/127.0.0.1:20491] for POST '/session/bce3fca379e762465b807258d8c9d973/element/F7ECD7AC2AE88B52FE69E3829DDD0652_element_13/click'
20:20:18.015 [AsyncHttpClient-1-2] DEBUG org.asynchttpclient.netty.handler.HttpHandler - 

Request DefaultHttpRequest(decodeResult: success, version: HTTP/1.1)
POST /session/bce3fca379e762465b807258d8c9d973/element/F7ECD7AC2AE88B52FE69E3829DDD0652_element_13/click HTTP/1.1
User-Agent: selenium/4.8.1 (java windows)
Content-Length: 57
Content-Type: application/json; charset=utf-8
host: localhost:20491
accept: */*

Response DefaultHttpResponse(decodeResult: success, version: HTTP/1.1)
HTTP/1.1 200 OK
Content-Length: 14
Content-Type: application/json; charset=utf-8
cache-control: no-cache

20:20:18.016 [AsyncHttpClient-1-2] DEBUG org.asynchttpclient.netty.channel.ChannelManager - Adding key: http://localhost:20491 for channel [id: 0x7a35237f, L:/127.0.0.1:54437 - R:localhost/127.0.0.1:20491]
20:20:18.024 [main] DEBUG net.thucydides.core.steps.StepInterceptor - STEP DONE: clickShoppingCart
  &amp#27;[32mAnd &amp#27;[0m&amp#27;[32muser click shopping cart&amp#27;[0m                     &amp#27;[90m# starter.stepdefinitions.UserSteps.userClickShoppingCart()&amp#27;[0m
20:20:18.058 [main] DEBUG net.thucydides.core.steps.StepInterceptor - STARTING STEP: UserSteps.userShouldSeeTheProducts - CheckoutPage
20:20:18.076 [Forwarding findElement on session bce3fca379e762465b807258d8c9d973 to remote] DEBUG org.asynchttpclient.netty.request.NettyRequestSender - Using pooled Channel '[id: 0x7a35237f, L:/127.0.0.1:54437 - R:localhost/127.0.0.1:20491]' for 'POST' to 'http://localhost:20491/session/bce3fca379e762465b807258d8c9d973/element'
20:20:18.077 [Forwarding findElement on session bce3fca379e762465b807258d8c9d973 to remote] DEBUG org.asynchttpclient.netty.request.NettyRequestSender - Using open Channel [id: 0x7a35237f, L:/127.0.0.1:54437 - R:localhost/127.0.0.1:20491] for POST '/session/bce3fca379e762465b807258d8c9d973/element'
20:20:18.179 [AsyncHttpClient-1-2] DEBUG org.asynchttpclient.netty.handler.HttpHandler - 

Request DefaultHttpRequest(decodeResult: success, version: HTTP/1.1)
POST /session/bce3fca379e762465b807258d8c9d973/element HTTP/1.1
User-Agent: selenium/4.8.1 (java windows)
Content-Length: 127
Content-Type: application/json; charset=utf-8
host: localhost:20491
accept: */*

Response DefaultHttpResponse(decodeResult: success, version: HTTP/1.1)
HTTP/1.1 200 OK
Content-Length: 95
Content-Type: application/json; charset=utf-8
cache-control: no-cache

20:20:18.179 [AsyncHttpClient-1-2] DEBUG org.asynchttpclient.netty.channel.ChannelManager - Adding key: http://localhost:20491 for channel [id: 0x7a35237f, L:/127.0.0.1:54437 - R:localhost/127.0.0.1:20491]
20:20:18.189 [Forwarding isElementDisplayed on session bce3fca379e762465b807258d8c9d973 to remote] DEBUG org.asynchttpclient.netty.request.NettyRequestSender - Using pooled Channel '[id: 0x7a35237f, L:/127.0.0.1:54437 - R:localhost/127.0.0.1:20491]' for 'POST' to 'http://localhost:20491/session/bce3fca379e762465b807258d8c9d973/execute/sync'
20:20:18.189 [Forwarding isElementDisplayed on session bce3fca379e762465b807258d8c9d973 to remote] DEBUG org.asynchttpclient.netty.request.NettyRequestSender - Using open Channel [id: 0x7a35237f, L:/127.0.0.1:54437 - R:localhost/127.0.0.1:20491] for POST '/session/bce3fca379e762465b807258d8c9d973/execute/sync'
20:20:18.206 [AsyncHttpClient-1-2] DEBUG org.asynchttpclient.netty.handler.HttpHandler - 

Request DefaultHttpRequest(decodeResult: success, version: HTTP/1.1)
POST /session/bce3fca379e762465b807258d8c9d973/execute/sync HTTP/1.1
User-Agent: selenium/4.8.1 (java windows)
Content-Length: 48814
Content-Type: application/json; charset=utf-8
host: localhost:20491
accept: */*

Response DefaultHttpResponse(decodeResult: success, version: HTTP/1.1)
HTTP/1.1 200 OK
Content-Length: 14
Content-Type: application/json; charset=utf-8
cache-control: no-cache

20:20:18.206 [AsyncHttpClient-1-2] DEBUG org.asynchttpclient.netty.channel.ChannelManager - Adding key: http://localhost:20491 for channel [id: 0x7a35237f, L:/127.0.0.1:54437 - R:localhost/127.0.0.1:20491]
20:20:18.212 [Forwarding isElementDisplayed on session bce3fca379e762465b807258d8c9d973 to remote] DEBUG org.asynchttpclient.netty.request.NettyRequestSender - Using pooled Channel '[id: 0x7a35237f, L:/127.0.0.1:54437 - R:localhost/127.0.0.1:20491]' for 'POST' to 'http://localhost:20491/session/bce3fca379e762465b807258d8c9d973/execute/sync'
20:20:18.212 [Forwarding isElementDisplayed on session bce3fca379e762465b807258d8c9d973 to remote] DEBUG org.asynchttpclient.netty.request.NettyRequestSender - Using open Channel [id: 0x7a35237f, L:/127.0.0.1:54437 - R:localhost/127.0.0.1:20491] for POST '/session/bce3fca379e762465b807258d8c9d973/execute/sync'
20:20:18.235 [AsyncHttpClient-1-2] DEBUG org.asynchttpclient.netty.handler.HttpHandler - 

Request DefaultHttpRequest(decodeResult: success, version: HTTP/1.1)
POST /session/bce3fca379e762465b807258d8c9d973/execute/sync HTTP/1.1
User-Agent: selenium/4.8.1 (java windows)
Content-Length: 48814
Content-Type: application/json; charset=utf-8
host: localhost:20491
accept: */*

Response DefaultHttpResponse(decodeResult: success, version: HTTP/1.1)
HTTP/1.1 200 OK
Content-Length: 14
Content-Type: application/json; charset=utf-8
cache-control: no-cache

20:20:18.236 [AsyncHttpClient-1-2] DEBUG org.asynchttpclient.netty.channel.ChannelManager - Adding key: http://localhost:20491 for channel [id: 0x7a35237f, L:/127.0.0.1:54437 - R:localhost/127.0.0.1:20491]
20:20:18.241 [main] DEBUG net.thucydides.core.steps.StepInterceptor - STEP DONE: CheckoutPage
  &amp#27;[32mThen &amp#27;[0m&amp#27;[32muser can see the products added to the cart&amp#27;[0m &amp#27;[90m# starter.stepdefinitions.UserSteps.userShouldSeeTheProducts()&amp#27;[0m
20:20:18.254 [main] INFO  - 
  _____   ___   ___   _____     ___     _     ___   ___   ___   ___  
 |_   _| | __| / __| |_   _|   | _ \   /_\   / __| / __| | __| |   \ 
   | |   | _|  \__ \   | |     |  _/  / _ \  \__ \ \__ \ | _|  | |) |
   |_|   |___| |___/   |_|     |_|   /_/ \_\ |___/ |___/ |___| |___/ 

User can add product to cart
----------------------------------------------------------------------
20:20:18.345 [AsyncHttpClient-1-1] DEBUG org.asynchttpclient.netty.channel.DefaultChannelPool - Entry count for : http://localhost:20491 : 1
20:20:18.345 [AsyncHttpClient-1-1] DEBUG org.asynchttpclient.netty.channel.DefaultChannelPool - Entry count for : http://localhost:54441 : 1
20:20:18.404 [AsyncHttpClient-1-4] DEBUG org.asynchttpclient.netty.handler.WebSocketHandler - Channel Closed: [id: 0x775ba313, L:/127.0.0.1:54449 ! R:localhost/127.0.0.1:54441] with attribute NettyResponseFuture{currentRetry=0,
	isDone=1,
	isCancelled=0,
	asyncHandler=org.asynchttpclient.ws.WebSocketUpgradeHandler@5fb16b99,
	nettyRequest=org.asynchttpclient.netty.request.NettyRequest@727e0bf3,
	future=java.util.concurrent.CompletableFuture@46515acf[Completed normally],
	uri=ws://localhost:54441/devtools/browser/fc285b95-6aa2-4fe4-af46-688a2137c2cb,
	keepAlive=true,
	redirectCount=0,
	timeoutsHolder=null,
	inAuth=0,
	touch=1683897611126}
20:20:18.404 [AsyncHttpClient-1-4] DEBUG org.asynchttpclient.netty.channel.ChannelManager - Closing Channel [id: 0x775ba313, L:/127.0.0.1:54449 ! R:localhost/127.0.0.1:54441] 
20:20:18.419 [Driver Command Executor] DEBUG org.asynchttpclient.netty.request.NettyRequestSender - Using pooled Channel '[id: 0x7a35237f, L:/127.0.0.1:54437 - R:localhost/127.0.0.1:20491]' for 'DELETE' to 'http://localhost:20491/session/bce3fca379e762465b807258d8c9d973'
20:20:18.419 [Driver Command Executor] DEBUG org.asynchttpclient.netty.request.NettyRequestSender - Using open Channel [id: 0x7a35237f, L:/127.0.0.1:54437 - R:localhost/127.0.0.1:20491] for DELETE '/session/bce3fca379e762465b807258d8c9d973'
20:20:19.455 [AsyncHttpClient-1-1] DEBUG org.asynchttpclient.netty.channel.DefaultChannelPool - Entry count for : http://localhost:54441 : 1
20:20:19.491 [AsyncHttpClient-1-3] DEBUG org.asynchttpclient.netty.handler.HttpHandler - Unexpected I/O exception on channel [id: 0x3f7b4eba, L:/127.0.0.1:54448 - R:localhost/127.0.0.1:54441]
java.io.IOException: An existing connection was forcibly closed by the remote host
	at sun.nio.ch.SocketDispatcher.read0(Native Method)
	at sun.nio.ch.SocketDispatcher.read(SocketDispatcher.java:43)
	at sun.nio.ch.IOUtil.readIntoNativeBuffer(IOUtil.java:223)
	at sun.nio.ch.IOUtil.read(IOUtil.java:192)
	at sun.nio.ch.SocketChannelImpl.read(SocketChannelImpl.java:380)
	at io.netty.buffer.PooledByteBuf.setBytes(PooledByteBuf.java:259)
	at io.netty.buffer.AbstractByteBuf.writeBytes(AbstractByteBuf.java:1132)
	at io.netty.channel.socket.nio.NioSocketChannel.doReadBytes(NioSocketChannel.java:357)
	at io.netty.channel.nio.AbstractNioByteChannel$NioByteUnsafe.read(AbstractNioByteChannel.java:151)
	at io.netty.channel.nio.NioEventLoop.processSelectedKey(NioEventLoop.java:788)
	at io.netty.channel.nio.NioEventLoop.processSelectedKeysOptimized(NioEventLoop.java:724)
	at io.netty.channel.nio.NioEventLoop.processSelectedKeys(NioEventLoop.java:650)
	at io.netty.channel.nio.NioEventLoop.run(NioEventLoop.java:562)
	at io.netty.util.concurrent.SingleThreadEventExecutor$4.run(SingleThreadEventExecutor.java:997)
	at io.netty.util.internal.ThreadExecutorMap$2.run(ThreadExecutorMap.java:74)
	at io.netty.util.concurrent.FastThreadLocalRunnable.run(FastThreadLocalRunnable.java:30)
	at java.lang.Thread.run(Thread.java:748)
20:20:19.492 [AsyncHttpClient-1-3] DEBUG org.asynchttpclient.netty.channel.ChannelManager - Closing Channel [id: 0x3f7b4eba, L:/127.0.0.1:54448 - R:localhost/127.0.0.1:54441] 
20:20:19.494 [AsyncHttpClient-1-3] DEBUG org.asynchttpclient.netty.handler.HttpHandler - Channel Closed: [id: 0x3f7b4eba, L:/127.0.0.1:54448 ! R:localhost/127.0.0.1:54441] with attribute DISCARD
20:20:19.521 [AsyncHttpClient-1-2] DEBUG org.asynchttpclient.netty.handler.HttpHandler - 

Request DefaultFullHttpRequest(decodeResult: success, version: HTTP/1.1, content: EmptyByteBufBE)
DELETE /session/bce3fca379e762465b807258d8c9d973 HTTP/1.1
User-Agent: selenium/4.8.1 (java windows)
Content-Type: application/json; charset=utf-8
host: localhost:20491
accept: */*

Response DefaultHttpResponse(decodeResult: success, version: HTTP/1.1)
HTTP/1.1 200 OK
Content-Length: 14
Content-Type: application/json; charset=utf-8
cache-control: no-cache

20:20:19.521 [AsyncHttpClient-1-2] DEBUG org.asynchttpclient.netty.channel.ChannelManager - Adding key: http://localhost:20491 for channel [id: 0x7a35237f, L:/127.0.0.1:54437 - R:localhost/127.0.0.1:20491]
20:20:21.377 [AsyncHttpClient-1-1] DEBUG org.asynchttpclient.netty.channel.DefaultChannelPool - Entry count for : http://localhost:20491 : 1
20:20:21.377 [AsyncHttpClient-1-1] DEBUG org.asynchttpclient.netty.channel.DefaultChannelPool - Entry count for : http://localhost:54441 : 1
20:20:21.377 [AsyncHttpClient-1-1] DEBUG org.asynchttpclient.netty.channel.DefaultChannelPool - Adding Candidate expired Channel [id: 0x3f7b4eba, L:/127.0.0.1:54448 ! R:localhost/127.0.0.1:54441] isIdleTimeoutExpired=false isRemotelyClosed=true isTtlExpired=false
20:20:21.377 [AsyncHttpClient-1-1] DEBUG org.asynchttpclient.netty.channel.DefaultChannelPool - Closing Idle Channel [id: 0x3f7b4eba, L:/127.0.0.1:54448 ! R:localhost/127.0.0.1:54441]
20:20:21.377 [AsyncHttpClient-1-1] DEBUG org.asynchttpclient.netty.channel.DefaultChannelPool - Closed 1 connections out of 2 in 0 ms
20:20:22.619 [AsyncHttpClient-1-1] DEBUG org.asynchttpclient.netty.channel.DefaultChannelPool - Entry count for : http://localhost:20491 : 1
20:20:23.713 [AsyncHttpClient-1-1] DEBUG org.asynchttpclient.netty.channel.DefaultChannelPool - Entry count for : http://localhost:20491 : 1
20:20:24.864 [AsyncHttpClient-1-1] DEBUG org.asynchttpclient.netty.channel.DefaultChannelPool - Entry count for : http://localhost:20491 : 1
20:20:25.542 [AsyncHttpClient-1-2] DEBUG org.asynchttpclient.netty.handler.HttpHandler - Unexpected I/O exception on channel [id: 0x7a35237f, L:/127.0.0.1:54437 - R:localhost/127.0.0.1:20491]
java.io.IOException: An existing connection was forcibly closed by the remote host
	at sun.nio.ch.SocketDispatcher.read0(Native Method)
	at sun.nio.ch.SocketDispatcher.read(SocketDispatcher.java:43)
	at sun.nio.ch.IOUtil.readIntoNativeBuffer(IOUtil.java:223)
	at sun.nio.ch.IOUtil.read(IOUtil.java:192)
	at sun.nio.ch.SocketChannelImpl.read(SocketChannelImpl.java:380)
	at io.netty.buffer.PooledByteBuf.setBytes(PooledByteBuf.java:259)
	at io.netty.buffer.AbstractByteBuf.writeBytes(AbstractByteBuf.java:1132)
	at io.netty.channel.socket.nio.NioSocketChannel.doReadBytes(NioSocketChannel.java:357)
	at io.netty.channel.nio.AbstractNioByteChannel$NioByteUnsafe.read(AbstractNioByteChannel.java:151)
	at io.netty.channel.nio.NioEventLoop.processSelectedKey(NioEventLoop.java:788)
	at io.netty.channel.nio.NioEventLoop.processSelectedKeysOptimized(NioEventLoop.java:724)
	at io.netty.channel.nio.NioEventLoop.processSelectedKeys(NioEventLoop.java:650)
	at io.netty.channel.nio.NioEventLoop.run(NioEventLoop.java:562)
	at io.netty.util.concurrent.SingleThreadEventExecutor$4.run(SingleThreadEventExecutor.java:997)
	at io.netty.util.internal.ThreadExecutorMap$2.run(ThreadExecutorMap.java:74)
	at io.netty.util.concurrent.FastThreadLocalRunnable.run(FastThreadLocalRunnable.java:30)
	at java.lang.Thread.run(Thread.java:748)
20:20:25.542 [AsyncHttpClient-1-2] DEBUG org.asynchttpclient.netty.channel.ChannelManager - Closing Channel [id: 0x7a35237f, L:/127.0.0.1:54437 - R:localhost/127.0.0.1:20491] 
20:20:25.542 [AsyncHttpClient-1-2] DEBUG org.asynchttpclient.netty.handler.HttpHandler - Channel Closed: [id: 0x7a35237f, L:/127.0.0.1:54437 ! R:localhost/127.0.0.1:20491] with attribute DISCARD
]]></system-out>
    <system-err><![CDATA[Starting ChromeDriver 113.0.5672.63 (0e1a4471d5ae5bf128b1bd8f4d627c8cbd55f70c-refs/branch-heads/5672@{#912}) on port 20491
Only local connections are allowed.
Please see https://chromedriver.chromium.org/security-considerations for suggestions on keeping ChromeDriver safe.
ChromeDriver was started successfully.
May 12, 2023 8:20:11 PM org.openqa.selenium.devtools.CdpVersionFinder findNearestMatch
WARNING: Unable to find an exact match for CDP version 113, so returning the closest version found: 110
May 12, 2023 8:20:25 PM org.openqa.selenium.os.OsProcess destroy
SEVERE: Unable to kill process java.lang.ProcessImpl@3749c6ac
]]></system-err>
  </testcase>
</testsuite>